/media/nisitha/My_Passport/MOODLE/Vivado_projects/audio_zybo/zybo_audio_dsp/hls_projects/dbfs_project/solution1/.autopilot/db/dbfs_converter.pp.0.cpp:1329:7: warning: Added loop label VITIS_LOOP_1207_1:   [xilinx-label-all-loops]
      for (i = 0; i < __N - 1; ++i) {
      ^~~
      VITIS_LOOP_1207_1: 
/media/nisitha/My_Passport/MOODLE/Vivado_projects/audio_zybo/zybo_audio_dsp/hls_projects/dbfs_project/solution1/.autopilot/db/dbfs_converter.pp.0.cpp:1329:7: note: FIX-IT applied suggested code changes
/media/nisitha/My_Passport/MOODLE/Vivado_projects/audio_zybo/zybo_audio_dsp/hls_projects/dbfs_project/solution1/.autopilot/db/dbfs_converter.pp.0.cpp:2303:5: warning: Added loop label VITIS_LOOP_676_1:   [xilinx-label-all-loops]
    for (unsigned i = low; i != high; ++i) {
    ^~~
    VITIS_LOOP_676_1: 
/media/nisitha/My_Passport/MOODLE/Vivado_projects/audio_zybo/zybo_audio_dsp/hls_projects/dbfs_project/solution1/.autopilot/db/dbfs_converter.pp.0.cpp:2303:5: note: FIX-IT applied suggested code changes
/media/nisitha/My_Passport/MOODLE/Vivado_projects/audio_zybo/zybo_audio_dsp/hls_projects/dbfs_project/solution1/.autopilot/db/dbfs_converter.pp.0.cpp:2317:5: warning: Added loop label VITIS_LOOP_690_1:   [xilinx-label-all-loops]
    for (unsigned i = low; i != high; ++i) {
    ^~~
    VITIS_LOOP_690_1: 
/media/nisitha/My_Passport/MOODLE/Vivado_projects/audio_zybo/zybo_audio_dsp/hls_projects/dbfs_project/solution1/.autopilot/db/dbfs_converter.pp.0.cpp:2317:5: note: FIX-IT applied suggested code changes
/media/nisitha/My_Passport/MOODLE/Vivado_projects/audio_zybo/zybo_audio_dsp/hls_projects/dbfs_project/solution1/.autopilot/db/dbfs_converter.pp.0.cpp:2331:5: warning: Added loop label VITIS_LOOP_704_1:   [xilinx-label-all-loops]
    for (unsigned i = low; i != high; ++i) {
    ^~~
    VITIS_LOOP_704_1: 
/media/nisitha/My_Passport/MOODLE/Vivado_projects/audio_zybo/zybo_audio_dsp/hls_projects/dbfs_project/solution1/.autopilot/db/dbfs_converter.pp.0.cpp:2331:5: note: FIX-IT applied suggested code changes
/media/nisitha/My_Passport/MOODLE/Vivado_projects/audio_zybo/zybo_audio_dsp/hls_projects/dbfs_project/solution1/.autopilot/db/dbfs_converter.pp.0.cpp:3948:7: warning: Added loop label VITIS_LOOP_1247_1:   [xilinx-label-all-loops]
      for (i = 0; i < __N - 1; ++i) {
      ^~~
      VITIS_LOOP_1247_1: 
/media/nisitha/My_Passport/MOODLE/Vivado_projects/audio_zybo/zybo_audio_dsp/hls_projects/dbfs_project/solution1/.autopilot/db/dbfs_converter.pp.0.cpp:3948:7: note: FIX-IT applied suggested code changes
/media/nisitha/My_Passport/MOODLE/Vivado_projects/audio_zybo/zybo_audio_dsp/hls_projects/dbfs_project/solution1/.autopilot/db/dbfs_converter.pp.0.cpp:15683:72: error: Invalid Directive: for current device, ROM_1P + LUTRAM is invalid combination for BIND_STORAGE's option 'type + impl' [clang-diagnostic-error]
#pragma HLS BIND_STORAGE variable=fourth_order_double::sin_cos_K0 type=ROM_1P impl=LUTRAM
                                                                       ^
/media/nisitha/My_Passport/MOODLE/Vivado_projects/audio_zybo/zybo_audio_dsp/hls_projects/dbfs_project/solution1/.autopilot/db/dbfs_converter.pp.0.cpp:15684:72: error: Invalid Directive: for current device, ROM_1P + LUTRAM is invalid combination for BIND_STORAGE's option 'type + impl' [clang-diagnostic-error]
#pragma HLS BIND_STORAGE variable=fourth_order_double::sin_cos_K1 type=ROM_1P impl=LUTRAM
                                                                       ^
/media/nisitha/My_Passport/MOODLE/Vivado_projects/audio_zybo/zybo_audio_dsp/hls_projects/dbfs_project/solution1/.autopilot/db/dbfs_converter.pp.0.cpp:15685:72: error: Invalid Directive: for current device, ROM_1P + LUTRAM is invalid combination for BIND_STORAGE's option 'type + impl' [clang-diagnostic-error]
#pragma HLS BIND_STORAGE variable=fourth_order_double::sin_cos_K2 type=ROM_1P impl=LUTRAM
                                                                       ^
/media/nisitha/My_Passport/MOODLE/Vivado_projects/audio_zybo/zybo_audio_dsp/hls_projects/dbfs_project/solution1/.autopilot/db/dbfs_converter.pp.0.cpp:15686:72: error: Invalid Directive: for current device, ROM_1P + LUTRAM is invalid combination for BIND_STORAGE's option 'type + impl' [clang-diagnostic-error]
#pragma HLS BIND_STORAGE variable=fourth_order_double::sin_cos_K3 type=ROM_1P impl=LUTRAM
                                                                       ^
/media/nisitha/My_Passport/MOODLE/Vivado_projects/audio_zybo/zybo_audio_dsp/hls_projects/dbfs_project/solution1/.autopilot/db/dbfs_converter.pp.0.cpp:15687:72: error: Invalid Directive: for current device, ROM_1P + LUTRAM is invalid combination for BIND_STORAGE's option 'type + impl' [clang-diagnostic-error]
#pragma HLS BIND_STORAGE variable=fourth_order_double::sin_cos_K4 type=ROM_1P impl=LUTRAM
                                                                       ^
/media/nisitha/My_Passport/MOODLE/Vivado_projects/audio_zybo/zybo_audio_dsp/hls_projects/dbfs_project/solution1/.autopilot/db/dbfs_converter.pp.0.cpp:15717:68: error: Invalid Directive: for current device, ROM_1P + LUTRAM is invalid combination for BIND_STORAGE's option 'type + impl' [clang-diagnostic-error]
#pragma HLS BIND_STORAGE variable=fourth_order_double::cos_K0 type=ROM_1P impl=LUTRAM
                                                                   ^
/media/nisitha/My_Passport/MOODLE/Vivado_projects/audio_zybo/zybo_audio_dsp/hls_projects/dbfs_project/solution1/.autopilot/db/dbfs_converter.pp.0.cpp:15718:68: error: Invalid Directive: for current device, ROM_1P + LUTRAM is invalid combination for BIND_STORAGE's option 'type + impl' [clang-diagnostic-error]
#pragma HLS BIND_STORAGE variable=fourth_order_double::cos_K1 type=ROM_1P impl=LUTRAM
                                                                   ^
/media/nisitha/My_Passport/MOODLE/Vivado_projects/audio_zybo/zybo_audio_dsp/hls_projects/dbfs_project/solution1/.autopilot/db/dbfs_converter.pp.0.cpp:15719:68: error: Invalid Directive: for current device, ROM_1P + LUTRAM is invalid combination for BIND_STORAGE's option 'type + impl' [clang-diagnostic-error]
#pragma HLS BIND_STORAGE variable=fourth_order_double::cos_K2 type=ROM_1P impl=LUTRAM
                                                                   ^
/media/nisitha/My_Passport/MOODLE/Vivado_projects/audio_zybo/zybo_audio_dsp/hls_projects/dbfs_project/solution1/.autopilot/db/dbfs_converter.pp.0.cpp:15720:68: error: Invalid Directive: for current device, ROM_1P + LUTRAM is invalid combination for BIND_STORAGE's option 'type + impl' [clang-diagnostic-error]
#pragma HLS BIND_STORAGE variable=fourth_order_double::cos_K3 type=ROM_1P impl=LUTRAM
                                                                   ^
/media/nisitha/My_Passport/MOODLE/Vivado_projects/audio_zybo/zybo_audio_dsp/hls_projects/dbfs_project/solution1/.autopilot/db/dbfs_converter.pp.0.cpp:15721:68: error: Invalid Directive: for current device, ROM_1P + LUTRAM is invalid combination for BIND_STORAGE's option 'type + impl' [clang-diagnostic-error]
#pragma HLS BIND_STORAGE variable=fourth_order_double::cos_K4 type=ROM_1P impl=LUTRAM
                                                                   ^
/media/nisitha/My_Passport/MOODLE/Vivado_projects/audio_zybo/zybo_audio_dsp/hls_projects/dbfs_project/solution1/.autopilot/db/dbfs_converter.pp.0.cpp:15722:68: error: Invalid Directive: for current device, ROM_1P + LUTRAM is invalid combination for BIND_STORAGE's option 'type + impl' [clang-diagnostic-error]
#pragma HLS BIND_STORAGE variable=fourth_order_double::sin_K0 type=ROM_1P impl=LUTRAM
                                                                   ^
/media/nisitha/My_Passport/MOODLE/Vivado_projects/audio_zybo/zybo_audio_dsp/hls_projects/dbfs_project/solution1/.autopilot/db/dbfs_converter.pp.0.cpp:15723:68: error: Invalid Directive: for current device, ROM_1P + LUTRAM is invalid combination for BIND_STORAGE's option 'type + impl' [clang-diagnostic-error]
#pragma HLS BIND_STORAGE variable=fourth_order_double::sin_K1 type=ROM_1P impl=LUTRAM
                                                                   ^
/media/nisitha/My_Passport/MOODLE/Vivado_projects/audio_zybo/zybo_audio_dsp/hls_projects/dbfs_project/solution1/.autopilot/db/dbfs_converter.pp.0.cpp:15724:68: error: Invalid Directive: for current device, ROM_1P + LUTRAM is invalid combination for BIND_STORAGE's option 'type + impl' [clang-diagnostic-error]
#pragma HLS BIND_STORAGE variable=fourth_order_double::sin_K2 type=ROM_1P impl=LUTRAM
                                                                   ^
/media/nisitha/My_Passport/MOODLE/Vivado_projects/audio_zybo/zybo_audio_dsp/hls_projects/dbfs_project/solution1/.autopilot/db/dbfs_converter.pp.0.cpp:15725:68: error: Invalid Directive: for current device, ROM_1P + LUTRAM is invalid combination for BIND_STORAGE's option 'type + impl' [clang-diagnostic-error]
#pragma HLS BIND_STORAGE variable=fourth_order_double::sin_K3 type=ROM_1P impl=LUTRAM
                                                                   ^
/media/nisitha/My_Passport/MOODLE/Vivado_projects/audio_zybo/zybo_audio_dsp/hls_projects/dbfs_project/solution1/.autopilot/db/dbfs_converter.pp.0.cpp:15726:68: error: Invalid Directive: for current device, ROM_1P + LUTRAM is invalid combination for BIND_STORAGE's option 'type + impl' [clang-diagnostic-error]
#pragma HLS BIND_STORAGE variable=fourth_order_double::sin_K4 type=ROM_1P impl=LUTRAM
                                                                   ^
/media/nisitha/My_Passport/MOODLE/Vivado_projects/audio_zybo/zybo_audio_dsp/hls_projects/dbfs_project/solution1/.autopilot/db/dbfs_converter.pp.0.cpp:15776:71: error: Invalid Directive: for current device, ROM_1P + LUTRAM is invalid combination for BIND_STORAGE's option 'type + impl' [clang-diagnostic-error]
#pragma HLS BIND_STORAGE variable=second_order_float::sin_cos_K0 type=ROM_1P impl=LUTRAM
                                                                      ^
/media/nisitha/My_Passport/MOODLE/Vivado_projects/audio_zybo/zybo_audio_dsp/hls_projects/dbfs_project/solution1/.autopilot/db/dbfs_converter.pp.0.cpp:15777:71: error: Invalid Directive: for current device, ROM_1P + LUTRAM is invalid combination for BIND_STORAGE's option 'type + impl' [clang-diagnostic-error]
#pragma HLS BIND_STORAGE variable=second_order_float::sin_cos_K1 type=ROM_1P impl=LUTRAM
                                                                      ^
/media/nisitha/My_Passport/MOODLE/Vivado_projects/audio_zybo/zybo_audio_dsp/hls_projects/dbfs_project/solution1/.autopilot/db/dbfs_converter.pp.0.cpp:15778:71: error: Invalid Directive: for current device, ROM_1P + LUTRAM is invalid combination for BIND_STORAGE's option 'type + impl' [clang-diagnostic-error]
#pragma HLS BIND_STORAGE variable=second_order_float::sin_cos_K2 type=ROM_1P impl=LUTRAM
                                                                      ^
/media/nisitha/My_Passport/MOODLE/Vivado_projects/audio_zybo/zybo_audio_dsp/hls_projects/dbfs_project/solution1/.autopilot/db/dbfs_converter.pp.0.cpp:15805:67: error: Invalid Directive: for current device, ROM_1P + LUTRAM is invalid combination for BIND_STORAGE's option 'type + impl' [clang-diagnostic-error]
#pragma HLS BIND_STORAGE variable=second_order_float::cos_K0 type=ROM_1P impl=LUTRAM
                                                                  ^
/media/nisitha/My_Passport/MOODLE/Vivado_projects/audio_zybo/zybo_audio_dsp/hls_projects/dbfs_project/solution1/.autopilot/db/dbfs_converter.pp.0.cpp:15806:67: error: Invalid Directive: for current device, ROM_1P + LUTRAM is invalid combination for BIND_STORAGE's option 'type + impl' [clang-diagnostic-error]
#pragma HLS BIND_STORAGE variable=second_order_float::cos_K1 type=ROM_1P impl=LUTRAM
                                                                  ^
/media/nisitha/My_Passport/MOODLE/Vivado_projects/audio_zybo/zybo_audio_dsp/hls_projects/dbfs_project/solution1/.autopilot/db/dbfs_converter.pp.0.cpp:15807:67: error: Invalid Directive: for current device, ROM_1P + LUTRAM is invalid combination for BIND_STORAGE's option 'type + impl' [clang-diagnostic-error]
#pragma HLS BIND_STORAGE variable=second_order_float::cos_K2 type=ROM_1P impl=LUTRAM
                                                                  ^
/media/nisitha/My_Passport/MOODLE/Vivado_projects/audio_zybo/zybo_audio_dsp/hls_projects/dbfs_project/solution1/.autopilot/db/dbfs_converter.pp.0.cpp:15808:67: error: Invalid Directive: for current device, ROM_1P + LUTRAM is invalid combination for BIND_STORAGE's option 'type + impl' [clang-diagnostic-error]
#pragma HLS BIND_STORAGE variable=second_order_float::sin_K0 type=ROM_1P impl=LUTRAM
                                                                  ^
/media/nisitha/My_Passport/MOODLE/Vivado_projects/audio_zybo/zybo_audio_dsp/hls_projects/dbfs_project/solution1/.autopilot/db/dbfs_converter.pp.0.cpp:15809:67: error: Invalid Directive: for current device, ROM_1P + LUTRAM is invalid combination for BIND_STORAGE's option 'type + impl' [clang-diagnostic-error]
#pragma HLS BIND_STORAGE variable=second_order_float::sin_K1 type=ROM_1P impl=LUTRAM
                                                                  ^
/media/nisitha/My_Passport/MOODLE/Vivado_projects/audio_zybo/zybo_audio_dsp/hls_projects/dbfs_project/solution1/.autopilot/db/dbfs_converter.pp.0.cpp:15810:67: error: Invalid Directive: for current device, ROM_1P + LUTRAM is invalid combination for BIND_STORAGE's option 'type + impl' [clang-diagnostic-error]
#pragma HLS BIND_STORAGE variable=second_order_float::sin_K2 type=ROM_1P impl=LUTRAM
                                                                  ^
/media/nisitha/My_Passport/MOODLE/Vivado_projects/audio_zybo/zybo_audio_dsp/hls_projects/dbfs_project/solution1/.autopilot/db/dbfs_converter.pp.0.cpp:15846:73: error: Invalid Directive: for current device, ROM_1P + LUTRAM is invalid combination for BIND_STORAGE's option 'type + impl' [clang-diagnostic-error]
#pragma HLS BIND_STORAGE variable=first_order_fixed_16::sin_cos_K0 type=ROM_1P impl=LUTRAM
                                                                        ^
/media/nisitha/My_Passport/MOODLE/Vivado_projects/audio_zybo/zybo_audio_dsp/hls_projects/dbfs_project/solution1/.autopilot/db/dbfs_converter.pp.0.cpp:15847:73: error: Invalid Directive: for current device, ROM_1P + LUTRAM is invalid combination for BIND_STORAGE's option 'type + impl' [clang-diagnostic-error]
#pragma HLS BIND_STORAGE variable=first_order_fixed_16::sin_cos_K1 type=ROM_1P impl=LUTRAM
                                                                        ^
/media/nisitha/My_Passport/MOODLE/Vivado_projects/audio_zybo/zybo_audio_dsp/hls_projects/dbfs_project/solution1/.autopilot/db/dbfs_converter.pp.0.cpp:16121:5: warning: Added loop label VITIS_LOOP_61_1:   [xilinx-label-all-loops]
    for (int n=0; n<Nmax; n++){
    ^~~
    VITIS_LOOP_61_1: 
/media/nisitha/My_Passport/MOODLE/Vivado_projects/audio_zybo/zybo_audio_dsp/hls_projects/dbfs_project/solution1/.autopilot/db/dbfs_converter.pp.0.cpp:16121:5: note: FIX-IT applied suggested code changes
/media/nisitha/My_Passport/MOODLE/Vivado_projects/audio_zybo/zybo_audio_dsp/hls_projects/dbfs_project/solution1/.autopilot/db/dbfs_converter.pp.0.cpp:16167:5: warning: Added loop label VITIS_LOOP_117_1:   [xilinx-label-all-loops]
    for (int n=0; n<Nmax; n++){
    ^~~
    VITIS_LOOP_117_1: 
/media/nisitha/My_Passport/MOODLE/Vivado_projects/audio_zybo/zybo_audio_dsp/hls_projects/dbfs_project/solution1/.autopilot/db/dbfs_converter.pp.0.cpp:16167:5: note: FIX-IT applied suggested code changes
/media/nisitha/My_Passport/MOODLE/Vivado_projects/audio_zybo/zybo_audio_dsp/hls_projects/dbfs_project/solution1/.autopilot/db/dbfs_converter.pp.0.cpp:16330:9: warning: Added loop label VITIS_LOOP_289_1:   [xilinx-label-all-loops]
        for(int i=0;i<W-1;i++){
        ^~~
        VITIS_LOOP_289_1: 
/media/nisitha/My_Passport/MOODLE/Vivado_projects/audio_zybo/zybo_audio_dsp/hls_projects/dbfs_project/solution1/.autopilot/db/dbfs_converter.pp.0.cpp:16330:9: note: FIX-IT applied suggested code changes
/media/nisitha/My_Passport/MOODLE/Vivado_projects/audio_zybo/zybo_audio_dsp/hls_projects/dbfs_project/solution1/.autopilot/db/dbfs_converter.pp.0.cpp:16482:9: warning: Added loop label VITIS_LOOP_449_1:   [xilinx-label-all-loops]
        for(int i=0;i<W-1;i++){
        ^~~
        VITIS_LOOP_449_1: 
/media/nisitha/My_Passport/MOODLE/Vivado_projects/audio_zybo/zybo_audio_dsp/hls_projects/dbfs_project/solution1/.autopilot/db/dbfs_converter.pp.0.cpp:16482:9: note: FIX-IT applied suggested code changes
/media/nisitha/My_Passport/MOODLE/Vivado_projects/audio_zybo/zybo_audio_dsp/hls_projects/dbfs_project/solution1/.autopilot/db/dbfs_converter.pp.0.cpp:16662:5: warning: Added loop label VITIS_LOOP_629_1:   [xilinx-label-all-loops]
    for(int i=0;i<W+1;i++){
    ^~~
    VITIS_LOOP_629_1: 
/media/nisitha/My_Passport/MOODLE/Vivado_projects/audio_zybo/zybo_audio_dsp/hls_projects/dbfs_project/solution1/.autopilot/db/dbfs_converter.pp.0.cpp:16662:5: note: FIX-IT applied suggested code changes
/media/nisitha/My_Passport/MOODLE/Vivado_projects/audio_zybo/zybo_audio_dsp/hls_projects/dbfs_project/solution1/.autopilot/db/dbfs_converter.pp.0.cpp:16666:5: warning: Added loop label VITIS_LOOP_633_2:   [xilinx-label-all-loops]
    for(int i=0;i<W+1;i++){
    ^~~
    VITIS_LOOP_633_2: 
/media/nisitha/My_Passport/MOODLE/Vivado_projects/audio_zybo/zybo_audio_dsp/hls_projects/dbfs_project/solution1/.autopilot/db/dbfs_converter.pp.0.cpp:16666:5: note: FIX-IT applied suggested code changes
/media/nisitha/My_Passport/MOODLE/Vivado_projects/audio_zybo/zybo_audio_dsp/hls_projects/dbfs_project/solution1/.autopilot/db/dbfs_converter.pp.0.cpp:16776:5: warning: Added loop label VITIS_LOOP_743_1:   [xilinx-label-all-loops]
    for (int n=0; n<Nmax; n++){
    ^~~
    VITIS_LOOP_743_1: 
/media/nisitha/My_Passport/MOODLE/Vivado_projects/audio_zybo/zybo_audio_dsp/hls_projects/dbfs_project/solution1/.autopilot/db/dbfs_converter.pp.0.cpp:16776:5: note: FIX-IT applied suggested code changes
/media/nisitha/My_Passport/MOODLE/Vivado_projects/audio_zybo/zybo_audio_dsp/hls_projects/dbfs_project/solution1/.autopilot/db/dbfs_converter.pp.0.cpp:16866:7: warning: Added loop label VITIS_LOOP_840_1:   [xilinx-label-all-loops]
      for(int i=0;i<W-1;i++){
      ^~~
      VITIS_LOOP_840_1: 
/media/nisitha/My_Passport/MOODLE/Vivado_projects/audio_zybo/zybo_audio_dsp/hls_projects/dbfs_project/solution1/.autopilot/db/dbfs_converter.pp.0.cpp:16866:7: note: FIX-IT applied suggested code changes
/media/nisitha/My_Passport/MOODLE/Vivado_projects/audio_zybo/zybo_audio_dsp/hls_projects/dbfs_project/solution1/.autopilot/db/dbfs_converter.pp.0.cpp:16885:7: warning: Added loop label VITIS_LOOP_859_2:   [xilinx-label-all-loops]
      for(int i=0;i<W-1;i++){
      ^~~
      VITIS_LOOP_859_2: 
/media/nisitha/My_Passport/MOODLE/Vivado_projects/audio_zybo/zybo_audio_dsp/hls_projects/dbfs_project/solution1/.autopilot/db/dbfs_converter.pp.0.cpp:16885:7: note: FIX-IT applied suggested code changes
/media/nisitha/My_Passport/MOODLE/Vivado_projects/audio_zybo/zybo_audio_dsp/hls_projects/dbfs_project/solution1/.autopilot/db/dbfs_converter.pp.0.cpp:17175:5: warning: Added loop label VITIS_LOOP_1173_1:   [xilinx-label-all-loops]
    for(int i=0; i<Nmax; i++) {
    ^~~
    VITIS_LOOP_1173_1: 
/media/nisitha/My_Passport/MOODLE/Vivado_projects/audio_zybo/zybo_audio_dsp/hls_projects/dbfs_project/solution1/.autopilot/db/dbfs_converter.pp.0.cpp:17175:5: note: FIX-IT applied suggested code changes
/media/nisitha/My_Passport/MOODLE/Vivado_projects/audio_zybo/zybo_audio_dsp/hls_projects/dbfs_project/solution1/.autopilot/db/dbfs_converter.pp.0.cpp:17258:5: warning: Added loop label VITIS_LOOP_1256_1:   [xilinx-label-all-loops]
    for(int i=0; i<Nmax; i++) {
    ^~~
    VITIS_LOOP_1256_1: 
/media/nisitha/My_Passport/MOODLE/Vivado_projects/audio_zybo/zybo_audio_dsp/hls_projects/dbfs_project/solution1/.autopilot/db/dbfs_converter.pp.0.cpp:17258:5: note: FIX-IT applied suggested code changes
/media/nisitha/My_Passport/MOODLE/Vivado_projects/audio_zybo/zybo_audio_dsp/hls_projects/dbfs_project/solution1/.autopilot/db/dbfs_converter.pp.0.cpp:17664:13: warning: Added loop label VITIS_LOOP_68_1:   [xilinx-label-all-loops]
            for (int j = 3; j >= I_+1; j--) {
            ^~~
            VITIS_LOOP_68_1: 
/media/nisitha/My_Passport/MOODLE/Vivado_projects/audio_zybo/zybo_audio_dsp/hls_projects/dbfs_project/solution1/.autopilot/db/dbfs_converter.pp.0.cpp:17664:13: note: FIX-IT applied suggested code changes
/media/nisitha/My_Passport/MOODLE/Vivado_projects/audio_zybo/zybo_audio_dsp/hls_projects/dbfs_project/solution1/.autopilot/db/dbfs_converter.pp.0.cpp:17670:17: warning: Added loop label VITIS_LOOP_74_2:   [xilinx-label-all-loops]
                for (int j = 3; j >= I_+1; j--){
                ^~~
                VITIS_LOOP_74_2: 
/media/nisitha/My_Passport/MOODLE/Vivado_projects/audio_zybo/zybo_audio_dsp/hls_projects/dbfs_project/solution1/.autopilot/db/dbfs_converter.pp.0.cpp:17670:17: note: FIX-IT applied suggested code changes
/media/nisitha/My_Passport/MOODLE/Vivado_projects/audio_zybo/zybo_audio_dsp/hls_projects/dbfs_project/solution1/.autopilot/db/dbfs_converter.pp.0.cpp:17674:17: warning: Added loop label VITIS_LOOP_78_3:   [xilinx-label-all-loops]
                for (int j = I_; j >= 0; j--){
                ^~~
                VITIS_LOOP_78_3: 
/media/nisitha/My_Passport/MOODLE/Vivado_projects/audio_zybo/zybo_audio_dsp/hls_projects/dbfs_project/solution1/.autopilot/db/dbfs_converter.pp.0.cpp:17674:17: note: FIX-IT applied suggested code changes
/media/nisitha/My_Passport/MOODLE/Vivado_projects/audio_zybo/zybo_audio_dsp/hls_projects/dbfs_project/solution1/.autopilot/db/dbfs_converter.pp.0.cpp:17722:13: warning: Added loop label VITIS_LOOP_145_4:   [xilinx-label-all-loops]
            for (int j = 9; j >= I_+4; j--) {
            ^~~
            VITIS_LOOP_145_4: 
/media/nisitha/My_Passport/MOODLE/Vivado_projects/audio_zybo/zybo_audio_dsp/hls_projects/dbfs_project/solution1/.autopilot/db/dbfs_converter.pp.0.cpp:17722:13: note: FIX-IT applied suggested code changes
/media/nisitha/My_Passport/MOODLE/Vivado_projects/audio_zybo/zybo_audio_dsp/hls_projects/dbfs_project/solution1/.autopilot/db/dbfs_converter.pp.0.cpp:17728:17: warning: Added loop label VITIS_LOOP_151_5:   [xilinx-label-all-loops]
                for (int j = 9; j >= I_+4; j--){
                ^~~
                VITIS_LOOP_151_5: 
/media/nisitha/My_Passport/MOODLE/Vivado_projects/audio_zybo/zybo_audio_dsp/hls_projects/dbfs_project/solution1/.autopilot/db/dbfs_converter.pp.0.cpp:17728:17: note: FIX-IT applied suggested code changes
/media/nisitha/My_Passport/MOODLE/Vivado_projects/audio_zybo/zybo_audio_dsp/hls_projects/dbfs_project/solution1/.autopilot/db/dbfs_converter.pp.0.cpp:17732:17: warning: Added loop label VITIS_LOOP_155_6:   [xilinx-label-all-loops]
                for (int j = I_+3; j >= 0; j--){
                ^~~
                VITIS_LOOP_155_6: 
/media/nisitha/My_Passport/MOODLE/Vivado_projects/audio_zybo/zybo_audio_dsp/hls_projects/dbfs_project/solution1/.autopilot/db/dbfs_converter.pp.0.cpp:17732:17: note: FIX-IT applied suggested code changes
/media/nisitha/My_Passport/MOODLE/Vivado_projects/audio_zybo/zybo_audio_dsp/hls_projects/dbfs_project/solution1/.autopilot/db/dbfs_converter.pp.0.cpp:17747:9: warning: Added loop label VITIS_LOOP_170_7:   [xilinx-label-all-loops]
        for (int j = 14; j < 22; j++){
        ^~~
        VITIS_LOOP_170_7: 
/media/nisitha/My_Passport/MOODLE/Vivado_projects/audio_zybo/zybo_audio_dsp/hls_projects/dbfs_project/solution1/.autopilot/db/dbfs_converter.pp.0.cpp:17747:9: note: FIX-IT applied suggested code changes
/media/nisitha/My_Passport/MOODLE/Vivado_projects/audio_zybo/zybo_audio_dsp/hls_projects/dbfs_project/solution1/.autopilot/db/dbfs_converter.pp.0.cpp:17755:17: warning: Added loop label VITIS_LOOP_178_8:   [xilinx-label-all-loops]
                for (int j = 0; j < 22; j++){
                ^~~
                VITIS_LOOP_178_8: 
/media/nisitha/My_Passport/MOODLE/Vivado_projects/audio_zybo/zybo_audio_dsp/hls_projects/dbfs_project/solution1/.autopilot/db/dbfs_converter.pp.0.cpp:17755:17: note: FIX-IT applied suggested code changes
/media/nisitha/My_Passport/MOODLE/Vivado_projects/audio_zybo/zybo_audio_dsp/hls_projects/dbfs_project/solution1/.autopilot/db/dbfs_converter.pp.0.cpp:17820:13: warning: Added loop label VITIS_LOOP_243_9:   [xilinx-label-all-loops]
            for (int j = 21; j >= I_+10; j--) {
            ^~~
            VITIS_LOOP_243_9: 
/media/nisitha/My_Passport/MOODLE/Vivado_projects/audio_zybo/zybo_audio_dsp/hls_projects/dbfs_project/solution1/.autopilot/db/dbfs_converter.pp.0.cpp:17820:13: note: FIX-IT applied suggested code changes
/media/nisitha/My_Passport/MOODLE/Vivado_projects/audio_zybo/zybo_audio_dsp/hls_projects/dbfs_project/solution1/.autopilot/db/dbfs_converter.pp.0.cpp:17826:17: warning: Added loop label VITIS_LOOP_249_10:   [xilinx-label-all-loops]
                for (int j = 21; j >= I_+10; j--) {
                ^~~
                VITIS_LOOP_249_10: 
/media/nisitha/My_Passport/MOODLE/Vivado_projects/audio_zybo/zybo_audio_dsp/hls_projects/dbfs_project/solution1/.autopilot/db/dbfs_converter.pp.0.cpp:17826:17: note: FIX-IT applied suggested code changes
/media/nisitha/My_Passport/MOODLE/Vivado_projects/audio_zybo/zybo_audio_dsp/hls_projects/dbfs_project/solution1/.autopilot/db/dbfs_converter.pp.0.cpp:17830:17: warning: Added loop label VITIS_LOOP_253_11:   [xilinx-label-all-loops]
                for (int j = I_+9; j >= 0; j--) {
                ^~~
                VITIS_LOOP_253_11: 
/media/nisitha/My_Passport/MOODLE/Vivado_projects/audio_zybo/zybo_audio_dsp/hls_projects/dbfs_project/solution1/.autopilot/db/dbfs_converter.pp.0.cpp:17830:17: note: FIX-IT applied suggested code changes
/media/nisitha/My_Passport/MOODLE/Vivado_projects/audio_zybo/zybo_audio_dsp/hls_projects/dbfs_project/solution1/.autopilot/db/dbfs_converter.pp.0.cpp:17845:9: warning: Added loop label VITIS_LOOP_268_12:   [xilinx-label-all-loops]
        for (int j = 27; j < 46; j++){
        ^~~
        VITIS_LOOP_268_12: 
/media/nisitha/My_Passport/MOODLE/Vivado_projects/audio_zybo/zybo_audio_dsp/hls_projects/dbfs_project/solution1/.autopilot/db/dbfs_converter.pp.0.cpp:17845:9: note: FIX-IT applied suggested code changes
/media/nisitha/My_Passport/MOODLE/Vivado_projects/audio_zybo/zybo_audio_dsp/hls_projects/dbfs_project/solution1/.autopilot/db/dbfs_converter.pp.0.cpp:17853:17: warning: Added loop label VITIS_LOOP_276_13:   [xilinx-label-all-loops]
                for (int j = 0; j < 46; j++) {
                ^~~
                VITIS_LOOP_276_13: 
/media/nisitha/My_Passport/MOODLE/Vivado_projects/audio_zybo/zybo_audio_dsp/hls_projects/dbfs_project/solution1/.autopilot/db/dbfs_converter.pp.0.cpp:17853:17: note: FIX-IT applied suggested code changes
/media/nisitha/My_Passport/MOODLE/Vivado_projects/audio_zybo/zybo_audio_dsp/hls_projects/dbfs_project/solution1/.autopilot/db/dbfs_converter.pp.0.cpp:18082:13: warning: Added loop label VITIS_LOOP_505_14:   [xilinx-label-all-loops]
            for (int j = 45; j >= I_+22; j--) {
            ^~~
            VITIS_LOOP_505_14: 
/media/nisitha/My_Passport/MOODLE/Vivado_projects/audio_zybo/zybo_audio_dsp/hls_projects/dbfs_project/solution1/.autopilot/db/dbfs_converter.pp.0.cpp:18082:13: note: FIX-IT applied suggested code changes
/media/nisitha/My_Passport/MOODLE/Vivado_projects/audio_zybo/zybo_audio_dsp/hls_projects/dbfs_project/solution1/.autopilot/db/dbfs_converter.pp.0.cpp:18088:17: warning: Added loop label VITIS_LOOP_511_15:   [xilinx-label-all-loops]
                for (int j = 45; j >= I_+22; j--){
                ^~~
                VITIS_LOOP_511_15: 
/media/nisitha/My_Passport/MOODLE/Vivado_projects/audio_zybo/zybo_audio_dsp/hls_projects/dbfs_project/solution1/.autopilot/db/dbfs_converter.pp.0.cpp:18088:17: note: FIX-IT applied suggested code changes
/media/nisitha/My_Passport/MOODLE/Vivado_projects/audio_zybo/zybo_audio_dsp/hls_projects/dbfs_project/solution1/.autopilot/db/dbfs_converter.pp.0.cpp:18092:17: warning: Added loop label VITIS_LOOP_515_16:   [xilinx-label-all-loops]
                for (int j = I_+21; j >= 0; j--) {
                ^~~
                VITIS_LOOP_515_16: 
/media/nisitha/My_Passport/MOODLE/Vivado_projects/audio_zybo/zybo_audio_dsp/hls_projects/dbfs_project/solution1/.autopilot/db/dbfs_converter.pp.0.cpp:18092:17: note: FIX-IT applied suggested code changes
/media/nisitha/My_Passport/MOODLE/Vivado_projects/audio_zybo/zybo_audio_dsp/hls_projects/dbfs_project/solution1/.autopilot/db/dbfs_converter.pp.0.cpp:18102:9: warning: Added loop label VITIS_LOOP_525_17:   [xilinx-label-all-loops]
        for (int j = 32-F_; j < 32+I_; j++){
        ^~~
        VITIS_LOOP_525_17: 
/media/nisitha/My_Passport/MOODLE/Vivado_projects/audio_zybo/zybo_audio_dsp/hls_projects/dbfs_project/solution1/.autopilot/db/dbfs_converter.pp.0.cpp:18102:9: note: FIX-IT applied suggested code changes
/media/nisitha/My_Passport/MOODLE/Vivado_projects/audio_zybo/zybo_audio_dsp/hls_projects/dbfs_project/solution1/.autopilot/db/dbfs_converter.pp.0.cpp:18106:9: warning: Added loop label VITIS_LOOP_529_18:   [xilinx-label-all-loops]
        for (int j = 32+I_; j <= 64; j++){
        ^~~
        VITIS_LOOP_529_18: 
/media/nisitha/My_Passport/MOODLE/Vivado_projects/audio_zybo/zybo_audio_dsp/hls_projects/dbfs_project/solution1/.autopilot/db/dbfs_converter.pp.0.cpp:18106:9: note: FIX-IT applied suggested code changes
/media/nisitha/My_Passport/MOODLE/Vivado_projects/audio_zybo/zybo_audio_dsp/hls_projects/dbfs_project/solution1/.autopilot/db/dbfs_converter.pp.0.cpp:18116:9: warning: Added loop label VITIS_LOOP_539_19:   [xilinx-label-all-loops]
        for (int j = 37; j < 64; j++) {
        ^~~
        VITIS_LOOP_539_19: 
/media/nisitha/My_Passport/MOODLE/Vivado_projects/audio_zybo/zybo_audio_dsp/hls_projects/dbfs_project/solution1/.autopilot/db/dbfs_converter.pp.0.cpp:18116:9: note: FIX-IT applied suggested code changes
/media/nisitha/My_Passport/MOODLE/Vivado_projects/audio_zybo/zybo_audio_dsp/hls_projects/dbfs_project/solution1/.autopilot/db/dbfs_converter.pp.0.cpp:18124:17: warning: Added loop label VITIS_LOOP_547_20:   [xilinx-label-all-loops]
                for (int j = 0; j < 64; j++){
                ^~~
                VITIS_LOOP_547_20: 
/media/nisitha/My_Passport/MOODLE/Vivado_projects/audio_zybo/zybo_audio_dsp/hls_projects/dbfs_project/solution1/.autopilot/db/dbfs_converter.pp.0.cpp:18124:17: note: FIX-IT applied suggested code changes
/media/nisitha/My_Passport/MOODLE/Vivado_projects/audio_zybo/zybo_audio_dsp/hls_projects/dbfs_project/solution1/.autopilot/db/dbfs_converter.pp.0.cpp:18485:13: warning: Added loop label VITIS_LOOP_908_21:   [xilinx-label-all-loops]
            for (int j = 63; j >= I_+31; j--) {
            ^~~
            VITIS_LOOP_908_21: 
/media/nisitha/My_Passport/MOODLE/Vivado_projects/audio_zybo/zybo_audio_dsp/hls_projects/dbfs_project/solution1/.autopilot/db/dbfs_converter.pp.0.cpp:18485:13: note: FIX-IT applied suggested code changes
/media/nisitha/My_Passport/MOODLE/Vivado_projects/audio_zybo/zybo_audio_dsp/hls_projects/dbfs_project/solution1/.autopilot/db/dbfs_converter.pp.0.cpp:18491:17: warning: Added loop label VITIS_LOOP_914_22:   [xilinx-label-all-loops]
                for (int j = 63; j >= I_+31; j--) {
                ^~~
                VITIS_LOOP_914_22: 
/media/nisitha/My_Passport/MOODLE/Vivado_projects/audio_zybo/zybo_audio_dsp/hls_projects/dbfs_project/solution1/.autopilot/db/dbfs_converter.pp.0.cpp:18491:17: note: FIX-IT applied suggested code changes
/media/nisitha/My_Passport/MOODLE/Vivado_projects/audio_zybo/zybo_audio_dsp/hls_projects/dbfs_project/solution1/.autopilot/db/dbfs_converter.pp.0.cpp:18495:17: warning: Added loop label VITIS_LOOP_918_23:   [xilinx-label-all-loops]
                for (int j = I_+30; j >= 0; j--) {
                ^~~
                VITIS_LOOP_918_23: 
/media/nisitha/My_Passport/MOODLE/Vivado_projects/audio_zybo/zybo_audio_dsp/hls_projects/dbfs_project/solution1/.autopilot/db/dbfs_converter.pp.0.cpp:18495:17: note: FIX-IT applied suggested code changes
/media/nisitha/My_Passport/MOODLE/Vivado_projects/audio_zybo/zybo_audio_dsp/hls_projects/dbfs_project/solution1/.autopilot/db/dbfs_converter.pp.0.cpp:18611:13: warning: Added loop label VITIS_LOOP_1034_1:   [xilinx-label-all-loops]
            for (int j = 4; j >= I_+1; j--) {
            ^~~
            VITIS_LOOP_1034_1: 
/media/nisitha/My_Passport/MOODLE/Vivado_projects/audio_zybo/zybo_audio_dsp/hls_projects/dbfs_project/solution1/.autopilot/db/dbfs_converter.pp.0.cpp:18611:13: note: FIX-IT applied suggested code changes
/media/nisitha/My_Passport/MOODLE/Vivado_projects/audio_zybo/zybo_audio_dsp/hls_projects/dbfs_project/solution1/.autopilot/db/dbfs_converter.pp.0.cpp:18617:17: warning: Added loop label VITIS_LOOP_1040_2:   [xilinx-label-all-loops]
                for (int j = 4; j >= I_+1; j--) {
                ^~~
                VITIS_LOOP_1040_2: 
/media/nisitha/My_Passport/MOODLE/Vivado_projects/audio_zybo/zybo_audio_dsp/hls_projects/dbfs_project/solution1/.autopilot/db/dbfs_converter.pp.0.cpp:18617:17: note: FIX-IT applied suggested code changes
/media/nisitha/My_Passport/MOODLE/Vivado_projects/audio_zybo/zybo_audio_dsp/hls_projects/dbfs_project/solution1/.autopilot/db/dbfs_converter.pp.0.cpp:18621:17: warning: Added loop label VITIS_LOOP_1044_3:   [xilinx-label-all-loops]
                for (int j = I_; j >= 0; j--) {
                ^~~
                VITIS_LOOP_1044_3: 
/media/nisitha/My_Passport/MOODLE/Vivado_projects/audio_zybo/zybo_audio_dsp/hls_projects/dbfs_project/solution1/.autopilot/db/dbfs_converter.pp.0.cpp:18621:17: note: FIX-IT applied suggested code changes
/media/nisitha/My_Passport/MOODLE/Vivado_projects/audio_zybo/zybo_audio_dsp/hls_projects/dbfs_project/solution1/.autopilot/db/dbfs_converter.pp.0.cpp:18708:13: warning: Added loop label VITIS_LOOP_1131_4:   [xilinx-label-all-loops]
            for (int j = 10; j >= I_+4; j--) {
            ^~~
            VITIS_LOOP_1131_4: 
/media/nisitha/My_Passport/MOODLE/Vivado_projects/audio_zybo/zybo_audio_dsp/hls_projects/dbfs_project/solution1/.autopilot/db/dbfs_converter.pp.0.cpp:18708:13: note: FIX-IT applied suggested code changes
/media/nisitha/My_Passport/MOODLE/Vivado_projects/audio_zybo/zybo_audio_dsp/hls_projects/dbfs_project/solution1/.autopilot/db/dbfs_converter.pp.0.cpp:18714:17: warning: Added loop label VITIS_LOOP_1137_5:   [xilinx-label-all-loops]
                for (int j = 10; j >= I_+4; j--) {
                ^~~
                VITIS_LOOP_1137_5: 
/media/nisitha/My_Passport/MOODLE/Vivado_projects/audio_zybo/zybo_audio_dsp/hls_projects/dbfs_project/solution1/.autopilot/db/dbfs_converter.pp.0.cpp:18714:17: note: FIX-IT applied suggested code changes
/media/nisitha/My_Passport/MOODLE/Vivado_projects/audio_zybo/zybo_audio_dsp/hls_projects/dbfs_project/solution1/.autopilot/db/dbfs_converter.pp.0.cpp:18718:17: warning: Added loop label VITIS_LOOP_1141_6:   [xilinx-label-all-loops]
                for (int j = I_+3; j >= 0; j--) {
                ^~~
                VITIS_LOOP_1141_6: 
/media/nisitha/My_Passport/MOODLE/Vivado_projects/audio_zybo/zybo_audio_dsp/hls_projects/dbfs_project/solution1/.autopilot/db/dbfs_converter.pp.0.cpp:18718:17: note: FIX-IT applied suggested code changes
/media/nisitha/My_Passport/MOODLE/Vivado_projects/audio_zybo/zybo_audio_dsp/hls_projects/dbfs_project/solution1/.autopilot/db/dbfs_converter.pp.0.cpp:18737:9: warning: Added loop label VITIS_LOOP_1160_7:   [xilinx-label-all-loops]
        for (int j = wf+3; j < w-1; j++) {
        ^~~
        VITIS_LOOP_1160_7: 
/media/nisitha/My_Passport/MOODLE/Vivado_projects/audio_zybo/zybo_audio_dsp/hls_projects/dbfs_project/solution1/.autopilot/db/dbfs_converter.pp.0.cpp:18737:9: note: FIX-IT applied suggested code changes
/media/nisitha/My_Passport/MOODLE/Vivado_projects/audio_zybo/zybo_audio_dsp/hls_projects/dbfs_project/solution1/.autopilot/db/dbfs_converter.pp.0.cpp:18744:17: warning: Added loop label VITIS_LOOP_1167_8:   [xilinx-label-all-loops]
                for (int j = 0; j < 22; j++) {
                ^~~
                VITIS_LOOP_1167_8: 
/media/nisitha/My_Passport/MOODLE/Vivado_projects/audio_zybo/zybo_audio_dsp/hls_projects/dbfs_project/solution1/.autopilot/db/dbfs_converter.pp.0.cpp:18744:17: note: FIX-IT applied suggested code changes
/media/nisitha/My_Passport/MOODLE/Vivado_projects/audio_zybo/zybo_audio_dsp/hls_projects/dbfs_project/solution1/.autopilot/db/dbfs_converter.pp.0.cpp:18860:13: warning: Added loop label VITIS_LOOP_1283_9:   [xilinx-label-all-loops]
            for (int j = 22; j >= I_+10; j--) {
            ^~~
            VITIS_LOOP_1283_9: 
/media/nisitha/My_Passport/MOODLE/Vivado_projects/audio_zybo/zybo_audio_dsp/hls_projects/dbfs_project/solution1/.autopilot/db/dbfs_converter.pp.0.cpp:18860:13: note: FIX-IT applied suggested code changes
/media/nisitha/My_Passport/MOODLE/Vivado_projects/audio_zybo/zybo_audio_dsp/hls_projects/dbfs_project/solution1/.autopilot/db/dbfs_converter.pp.0.cpp:18866:17: warning: Added loop label VITIS_LOOP_1289_10:   [xilinx-label-all-loops]
                for (int j = 22; j >= I_+10; j--){
                ^~~
                VITIS_LOOP_1289_10: 
/media/nisitha/My_Passport/MOODLE/Vivado_projects/audio_zybo/zybo_audio_dsp/hls_projects/dbfs_project/solution1/.autopilot/db/dbfs_converter.pp.0.cpp:18866:17: note: FIX-IT applied suggested code changes
/media/nisitha/My_Passport/MOODLE/Vivado_projects/audio_zybo/zybo_audio_dsp/hls_projects/dbfs_project/solution1/.autopilot/db/dbfs_converter.pp.0.cpp:18870:17: warning: Added loop label VITIS_LOOP_1293_11:   [xilinx-label-all-loops]
                for (int j = I_+9; j >= 0; j--) {
                ^~~
                VITIS_LOOP_1293_11: 
/media/nisitha/My_Passport/MOODLE/Vivado_projects/audio_zybo/zybo_audio_dsp/hls_projects/dbfs_project/solution1/.autopilot/db/dbfs_converter.pp.0.cpp:18870:17: note: FIX-IT applied suggested code changes
/media/nisitha/My_Passport/MOODLE/Vivado_projects/audio_zybo/zybo_audio_dsp/hls_projects/dbfs_project/solution1/.autopilot/db/dbfs_converter.pp.0.cpp:18890:9: warning: Added loop label VITIS_LOOP_1313_12:   [xilinx-label-all-loops]
        for (int j = wf+4; j < w-1; j++){
        ^~~
        VITIS_LOOP_1313_12: 
/media/nisitha/My_Passport/MOODLE/Vivado_projects/audio_zybo/zybo_audio_dsp/hls_projects/dbfs_project/solution1/.autopilot/db/dbfs_converter.pp.0.cpp:18890:9: note: FIX-IT applied suggested code changes
/media/nisitha/My_Passport/MOODLE/Vivado_projects/audio_zybo/zybo_audio_dsp/hls_projects/dbfs_project/solution1/.autopilot/db/dbfs_converter.pp.0.cpp:18897:17: warning: Added loop label VITIS_LOOP_1320_13:   [xilinx-label-all-loops]
                for (int j = 0; j < 46; j++) {
                ^~~
                VITIS_LOOP_1320_13: 
/media/nisitha/My_Passport/MOODLE/Vivado_projects/audio_zybo/zybo_audio_dsp/hls_projects/dbfs_project/solution1/.autopilot/db/dbfs_converter.pp.0.cpp:18897:17: note: FIX-IT applied suggested code changes
/media/nisitha/My_Passport/MOODLE/Vivado_projects/audio_zybo/zybo_audio_dsp/hls_projects/dbfs_project/solution1/.autopilot/db/dbfs_converter.pp.0.cpp:19159:13: warning: Added loop label VITIS_LOOP_1582_14:   [xilinx-label-all-loops]
            for (int j = 46; j >= I_+22; j--) {
            ^~~
            VITIS_LOOP_1582_14: 
/media/nisitha/My_Passport/MOODLE/Vivado_projects/audio_zybo/zybo_audio_dsp/hls_projects/dbfs_project/solution1/.autopilot/db/dbfs_converter.pp.0.cpp:19159:13: note: FIX-IT applied suggested code changes
/media/nisitha/My_Passport/MOODLE/Vivado_projects/audio_zybo/zybo_audio_dsp/hls_projects/dbfs_project/solution1/.autopilot/db/dbfs_converter.pp.0.cpp:19165:17: warning: Added loop label VITIS_LOOP_1588_15:   [xilinx-label-all-loops]
                for (int j = 46; j >= I_+22; j--) {
                ^~~
                VITIS_LOOP_1588_15: 
/media/nisitha/My_Passport/MOODLE/Vivado_projects/audio_zybo/zybo_audio_dsp/hls_projects/dbfs_project/solution1/.autopilot/db/dbfs_converter.pp.0.cpp:19165:17: note: FIX-IT applied suggested code changes
/media/nisitha/My_Passport/MOODLE/Vivado_projects/audio_zybo/zybo_audio_dsp/hls_projects/dbfs_project/solution1/.autopilot/db/dbfs_converter.pp.0.cpp:19169:17: warning: Added loop label VITIS_LOOP_1592_16:   [xilinx-label-all-loops]
                for (int j = I_+21; j >= 0; j--) {
                ^~~
                VITIS_LOOP_1592_16: 
/media/nisitha/My_Passport/MOODLE/Vivado_projects/audio_zybo/zybo_audio_dsp/hls_projects/dbfs_project/solution1/.autopilot/db/dbfs_converter.pp.0.cpp:19169:17: note: FIX-IT applied suggested code changes
/media/nisitha/My_Passport/MOODLE/Vivado_projects/audio_zybo/zybo_audio_dsp/hls_projects/dbfs_project/solution1/.autopilot/db/dbfs_converter.pp.0.cpp:19193:9: warning: Added loop label VITIS_LOOP_1616_17:   [xilinx-label-all-loops]
        for (int j = wf+5; j < w-1; j++){
        ^~~
        VITIS_LOOP_1616_17: 
/media/nisitha/My_Passport/MOODLE/Vivado_projects/audio_zybo/zybo_audio_dsp/hls_projects/dbfs_project/solution1/.autopilot/db/dbfs_converter.pp.0.cpp:19193:9: note: FIX-IT applied suggested code changes
/media/nisitha/My_Passport/MOODLE/Vivado_projects/audio_zybo/zybo_audio_dsp/hls_projects/dbfs_project/solution1/.autopilot/db/dbfs_converter.pp.0.cpp:19200:17: warning: Added loop label VITIS_LOOP_1623_18:   [xilinx-label-all-loops]
                for (int j = 0; j < 64; j++) {
                ^~~
                VITIS_LOOP_1623_18: 
/media/nisitha/My_Passport/MOODLE/Vivado_projects/audio_zybo/zybo_audio_dsp/hls_projects/dbfs_project/solution1/.autopilot/db/dbfs_converter.pp.0.cpp:19200:17: note: FIX-IT applied suggested code changes
/media/nisitha/My_Passport/MOODLE/Vivado_projects/audio_zybo/zybo_audio_dsp/hls_projects/dbfs_project/solution1/.autopilot/db/dbfs_converter.pp.0.cpp:19630:13: warning: Added loop label VITIS_LOOP_2053_19:   [xilinx-label-all-loops]
            for (int j = 64; j >= I_+31; j--) {
            ^~~
            VITIS_LOOP_2053_19: 
/media/nisitha/My_Passport/MOODLE/Vivado_projects/audio_zybo/zybo_audio_dsp/hls_projects/dbfs_project/solution1/.autopilot/db/dbfs_converter.pp.0.cpp:19630:13: note: FIX-IT applied suggested code changes
/media/nisitha/My_Passport/MOODLE/Vivado_projects/audio_zybo/zybo_audio_dsp/hls_projects/dbfs_project/solution1/.autopilot/db/dbfs_converter.pp.0.cpp:19636:17: warning: Added loop label VITIS_LOOP_2059_20:   [xilinx-label-all-loops]
                for (int j = 64; j >= I_+31; j--) {
                ^~~
                VITIS_LOOP_2059_20: 
/media/nisitha/My_Passport/MOODLE/Vivado_projects/audio_zybo/zybo_audio_dsp/hls_projects/dbfs_project/solution1/.autopilot/db/dbfs_converter.pp.0.cpp:19636:17: note: FIX-IT applied suggested code changes
/media/nisitha/My_Passport/MOODLE/Vivado_projects/audio_zybo/zybo_audio_dsp/hls_projects/dbfs_project/solution1/.autopilot/db/dbfs_converter.pp.0.cpp:19640:17: warning: Added loop label VITIS_LOOP_2063_21:   [xilinx-label-all-loops]
                for (int j = I_+30; j >= 0; j--) {
                ^~~
                VITIS_LOOP_2063_21: 
/media/nisitha/My_Passport/MOODLE/Vivado_projects/audio_zybo/zybo_audio_dsp/hls_projects/dbfs_project/solution1/.autopilot/db/dbfs_converter.pp.0.cpp:19640:17: note: FIX-IT applied suggested code changes
/media/nisitha/My_Passport/MOODLE/Vivado_projects/audio_zybo/zybo_audio_dsp/hls_projects/dbfs_project/solution1/.autopilot/db/dbfs_converter.pp.0.cpp:19770:13: warning: Added loop label VITIS_LOOP_2193_1:   [xilinx-label-all-loops]
            for(int j=3; j>=I+1; j--) {
            ^~~
            VITIS_LOOP_2193_1: 
/media/nisitha/My_Passport/MOODLE/Vivado_projects/audio_zybo/zybo_audio_dsp/hls_projects/dbfs_project/solution1/.autopilot/db/dbfs_converter.pp.0.cpp:19770:13: note: FIX-IT applied suggested code changes
/media/nisitha/My_Passport/MOODLE/Vivado_projects/audio_zybo/zybo_audio_dsp/hls_projects/dbfs_project/solution1/.autopilot/db/dbfs_converter.pp.0.cpp:19777:17: warning: Added loop label VITIS_LOOP_2200_2:   [xilinx-label-all-loops]
                for(int j=3; j>=I+1; j--) {
                ^~~
                VITIS_LOOP_2200_2: 
/media/nisitha/My_Passport/MOODLE/Vivado_projects/audio_zybo/zybo_audio_dsp/hls_projects/dbfs_project/solution1/.autopilot/db/dbfs_converter.pp.0.cpp:19777:17: note: FIX-IT applied suggested code changes
/media/nisitha/My_Passport/MOODLE/Vivado_projects/audio_zybo/zybo_audio_dsp/hls_projects/dbfs_project/solution1/.autopilot/db/dbfs_converter.pp.0.cpp:19781:17: warning: Added loop label VITIS_LOOP_2204_3:   [xilinx-label-all-loops]
                for(int j=I; j>=0; j--) {
                ^~~
                VITIS_LOOP_2204_3: 
/media/nisitha/My_Passport/MOODLE/Vivado_projects/audio_zybo/zybo_audio_dsp/hls_projects/dbfs_project/solution1/.autopilot/db/dbfs_converter.pp.0.cpp:19781:17: note: FIX-IT applied suggested code changes
/media/nisitha/My_Passport/MOODLE/Vivado_projects/audio_zybo/zybo_audio_dsp/hls_projects/dbfs_project/solution1/.autopilot/db/dbfs_converter.pp.0.cpp:19828:13: warning: Added loop label VITIS_LOOP_2251_4:   [xilinx-label-all-loops]
            for(int j=7; j>=3+I; j--) {
            ^~~
            VITIS_LOOP_2251_4: 
/media/nisitha/My_Passport/MOODLE/Vivado_projects/audio_zybo/zybo_audio_dsp/hls_projects/dbfs_project/solution1/.autopilot/db/dbfs_converter.pp.0.cpp:19828:13: note: FIX-IT applied suggested code changes
/media/nisitha/My_Passport/MOODLE/Vivado_projects/audio_zybo/zybo_audio_dsp/hls_projects/dbfs_project/solution1/.autopilot/db/dbfs_converter.pp.0.cpp:19835:17: warning: Added loop label VITIS_LOOP_2258_5:   [xilinx-label-all-loops]
                for(int j=7; j>=3+I; j--) {
                ^~~
                VITIS_LOOP_2258_5: 
/media/nisitha/My_Passport/MOODLE/Vivado_projects/audio_zybo/zybo_audio_dsp/hls_projects/dbfs_project/solution1/.autopilot/db/dbfs_converter.pp.0.cpp:19835:17: note: FIX-IT applied suggested code changes
/media/nisitha/My_Passport/MOODLE/Vivado_projects/audio_zybo/zybo_audio_dsp/hls_projects/dbfs_project/solution1/.autopilot/db/dbfs_converter.pp.0.cpp:19839:17: warning: Added loop label VITIS_LOOP_2262_6:   [xilinx-label-all-loops]
                for(int j=I+2; j>=0; j--) {
                ^~~
                VITIS_LOOP_2262_6: 
/media/nisitha/My_Passport/MOODLE/Vivado_projects/audio_zybo/zybo_audio_dsp/hls_projects/dbfs_project/solution1/.autopilot/db/dbfs_converter.pp.0.cpp:19839:17: note: FIX-IT applied suggested code changes
/media/nisitha/My_Passport/MOODLE/Vivado_projects/audio_zybo/zybo_audio_dsp/hls_projects/dbfs_project/solution1/.autopilot/db/dbfs_converter.pp.0.cpp:19857:9: warning: Added loop label VITIS_LOOP_2280_7:   [xilinx-label-all-loops]
        for(int j=11; j<16; j++) {
        ^~~
        VITIS_LOOP_2280_7: 
/media/nisitha/My_Passport/MOODLE/Vivado_projects/audio_zybo/zybo_audio_dsp/hls_projects/dbfs_project/solution1/.autopilot/db/dbfs_converter.pp.0.cpp:19857:9: note: FIX-IT applied suggested code changes
/media/nisitha/My_Passport/MOODLE/Vivado_projects/audio_zybo/zybo_audio_dsp/hls_projects/dbfs_project/solution1/.autopilot/db/dbfs_converter.pp.0.cpp:19912:13: warning: Added loop label VITIS_LOOP_2335_8:   [xilinx-label-all-loops]
            for(int j=15; j>=7+I; j--) {
            ^~~
            VITIS_LOOP_2335_8: 
/media/nisitha/My_Passport/MOODLE/Vivado_projects/audio_zybo/zybo_audio_dsp/hls_projects/dbfs_project/solution1/.autopilot/db/dbfs_converter.pp.0.cpp:19912:13: note: FIX-IT applied suggested code changes
/media/nisitha/My_Passport/MOODLE/Vivado_projects/audio_zybo/zybo_audio_dsp/hls_projects/dbfs_project/solution1/.autopilot/db/dbfs_converter.pp.0.cpp:19919:17: warning: Added loop label VITIS_LOOP_2342_9:   [xilinx-label-all-loops]
                for(int j=15; j>=7+I; j--) {
                ^~~
                VITIS_LOOP_2342_9: 
/media/nisitha/My_Passport/MOODLE/Vivado_projects/audio_zybo/zybo_audio_dsp/hls_projects/dbfs_project/solution1/.autopilot/db/dbfs_converter.pp.0.cpp:19919:17: note: FIX-IT applied suggested code changes
/media/nisitha/My_Passport/MOODLE/Vivado_projects/audio_zybo/zybo_audio_dsp/hls_projects/dbfs_project/solution1/.autopilot/db/dbfs_converter.pp.0.cpp:19923:17: warning: Added loop label VITIS_LOOP_2346_10:   [xilinx-label-all-loops]
                for(int j=6+I; j>=0; j--) {
                ^~~
                VITIS_LOOP_2346_10: 
/media/nisitha/My_Passport/MOODLE/Vivado_projects/audio_zybo/zybo_audio_dsp/hls_projects/dbfs_project/solution1/.autopilot/db/dbfs_converter.pp.0.cpp:19923:17: note: FIX-IT applied suggested code changes
/media/nisitha/My_Passport/MOODLE/Vivado_projects/audio_zybo/zybo_audio_dsp/hls_projects/dbfs_project/solution1/.autopilot/db/dbfs_converter.pp.0.cpp:19941:9: warning: Added loop label VITIS_LOOP_2364_11:   [xilinx-label-all-loops]
        for(int j=20; j<32; j++) {
        ^~~
        VITIS_LOOP_2364_11: 
/media/nisitha/My_Passport/MOODLE/Vivado_projects/audio_zybo/zybo_audio_dsp/hls_projects/dbfs_project/solution1/.autopilot/db/dbfs_converter.pp.0.cpp:19941:9: note: FIX-IT applied suggested code changes
/media/nisitha/My_Passport/MOODLE/Vivado_projects/audio_zybo/zybo_audio_dsp/hls_projects/dbfs_project/solution1/.autopilot/db/dbfs_converter.pp.0.cpp:20030:13: warning: Added loop label VITIS_LOOP_2453_12:   [xilinx-label-all-loops]
            for(int j=31; j>=I+15; j--) {
            ^~~
            VITIS_LOOP_2453_12: 
/media/nisitha/My_Passport/MOODLE/Vivado_projects/audio_zybo/zybo_audio_dsp/hls_projects/dbfs_project/solution1/.autopilot/db/dbfs_converter.pp.0.cpp:20030:13: note: FIX-IT applied suggested code changes
/media/nisitha/My_Passport/MOODLE/Vivado_projects/audio_zybo/zybo_audio_dsp/hls_projects/dbfs_project/solution1/.autopilot/db/dbfs_converter.pp.0.cpp:20037:17: warning: Added loop label VITIS_LOOP_2460_13:   [xilinx-label-all-loops]
                for(int j=31; j>=I+15; j--) {
                ^~~
                VITIS_LOOP_2460_13: 
/media/nisitha/My_Passport/MOODLE/Vivado_projects/audio_zybo/zybo_audio_dsp/hls_projects/dbfs_project/solution1/.autopilot/db/dbfs_converter.pp.0.cpp:20037:17: note: FIX-IT applied suggested code changes
/media/nisitha/My_Passport/MOODLE/Vivado_projects/audio_zybo/zybo_audio_dsp/hls_projects/dbfs_project/solution1/.autopilot/db/dbfs_converter.pp.0.cpp:20041:17: warning: Added loop label VITIS_LOOP_2464_14:   [xilinx-label-all-loops]
                for(int j=I+14; j>=0; j--) {
                ^~~
                VITIS_LOOP_2464_14: 
/media/nisitha/My_Passport/MOODLE/Vivado_projects/audio_zybo/zybo_audio_dsp/hls_projects/dbfs_project/solution1/.autopilot/db/dbfs_converter.pp.0.cpp:20041:17: note: FIX-IT applied suggested code changes
/media/nisitha/My_Passport/MOODLE/Vivado_projects/audio_zybo/zybo_audio_dsp/hls_projects/dbfs_project/solution1/.autopilot/db/dbfs_converter.pp.0.cpp:20051:9: warning: Added loop label VITIS_LOOP_2474_15:   [xilinx-label-all-loops]
        for(int j=32-F; j<32+I; j++) {
        ^~~
        VITIS_LOOP_2474_15: 
/media/nisitha/My_Passport/MOODLE/Vivado_projects/audio_zybo/zybo_audio_dsp/hls_projects/dbfs_project/solution1/.autopilot/db/dbfs_converter.pp.0.cpp:20051:9: note: FIX-IT applied suggested code changes
/media/nisitha/My_Passport/MOODLE/Vivado_projects/audio_zybo/zybo_audio_dsp/hls_projects/dbfs_project/solution1/.autopilot/db/dbfs_converter.pp.0.cpp:20055:9: warning: Added loop label VITIS_LOOP_2478_16:   [xilinx-label-all-loops]
        for(int j=32+I; j<=64; j++) {
        ^~~
        VITIS_LOOP_2478_16: 
/media/nisitha/My_Passport/MOODLE/Vivado_projects/audio_zybo/zybo_audio_dsp/hls_projects/dbfs_project/solution1/.autopilot/db/dbfs_converter.pp.0.cpp:20055:9: note: FIX-IT applied suggested code changes
/media/nisitha/My_Passport/MOODLE/Vivado_projects/audio_zybo/zybo_audio_dsp/hls_projects/dbfs_project/solution1/.autopilot/db/dbfs_converter.pp.0.cpp:20066:9: warning: Added loop label VITIS_LOOP_2489_17:   [xilinx-label-all-loops]
        for(int j=37; j<64; j++) {
        ^~~
        VITIS_LOOP_2489_17: 
/media/nisitha/My_Passport/MOODLE/Vivado_projects/audio_zybo/zybo_audio_dsp/hls_projects/dbfs_project/solution1/.autopilot/db/dbfs_converter.pp.0.cpp:20066:9: note: FIX-IT applied suggested code changes
/media/nisitha/My_Passport/MOODLE/Vivado_projects/audio_zybo/zybo_audio_dsp/hls_projects/dbfs_project/solution1/.autopilot/db/dbfs_converter.pp.0.cpp:20074:17: warning: Added loop label VITIS_LOOP_2497_18:   [xilinx-label-all-loops]
                for(int j=0; j<64; j++) {
                ^~~
                VITIS_LOOP_2497_18: 
/media/nisitha/My_Passport/MOODLE/Vivado_projects/audio_zybo/zybo_audio_dsp/hls_projects/dbfs_project/solution1/.autopilot/db/dbfs_converter.pp.0.cpp:20074:17: note: FIX-IT applied suggested code changes
/media/nisitha/My_Passport/MOODLE/Vivado_projects/audio_zybo/zybo_audio_dsp/hls_projects/dbfs_project/solution1/.autopilot/db/dbfs_converter.pp.0.cpp:20399:13: warning: Added loop label VITIS_LOOP_2822_19:   [xilinx-label-all-loops]
            for(int j=63; j>=I+31; j--) {
            ^~~
            VITIS_LOOP_2822_19: 
/media/nisitha/My_Passport/MOODLE/Vivado_projects/audio_zybo/zybo_audio_dsp/hls_projects/dbfs_project/solution1/.autopilot/db/dbfs_converter.pp.0.cpp:20399:13: note: FIX-IT applied suggested code changes
/media/nisitha/My_Passport/MOODLE/Vivado_projects/audio_zybo/zybo_audio_dsp/hls_projects/dbfs_project/solution1/.autopilot/db/dbfs_converter.pp.0.cpp:20406:17: warning: Added loop label VITIS_LOOP_2829_20:   [xilinx-label-all-loops]
                for(int j=63; j>=I+31; j--) {
                ^~~
                VITIS_LOOP_2829_20: 
/media/nisitha/My_Passport/MOODLE/Vivado_projects/audio_zybo/zybo_audio_dsp/hls_projects/dbfs_project/solution1/.autopilot/db/dbfs_converter.pp.0.cpp:20406:17: note: FIX-IT applied suggested code changes
/media/nisitha/My_Passport/MOODLE/Vivado_projects/audio_zybo/zybo_audio_dsp/hls_projects/dbfs_project/solution1/.autopilot/db/dbfs_converter.pp.0.cpp:20410:17: warning: Added loop label VITIS_LOOP_2833_21:   [xilinx-label-all-loops]
                for(int j=I+30; j>=0; j--) {
                ^~~
                VITIS_LOOP_2833_21: 
/media/nisitha/My_Passport/MOODLE/Vivado_projects/audio_zybo/zybo_audio_dsp/hls_projects/dbfs_project/solution1/.autopilot/db/dbfs_converter.pp.0.cpp:20410:17: note: FIX-IT applied suggested code changes
/media/nisitha/My_Passport/MOODLE/Vivado_projects/audio_zybo/zybo_audio_dsp/hls_projects/dbfs_project/solution1/.autopilot/db/dbfs_converter.pp.0.cpp:20498:4: warning: Added loop label VITIS_LOOP_2921_1:   [xilinx-label-all-loops]
   for(int j = 5; j>=I_+2; j--) {
   ^~~
   VITIS_LOOP_2921_1: 
/media/nisitha/My_Passport/MOODLE/Vivado_projects/audio_zybo/zybo_audio_dsp/hls_projects/dbfs_project/solution1/.autopilot/db/dbfs_converter.pp.0.cpp:20498:4: note: FIX-IT applied suggested code changes
/media/nisitha/My_Passport/MOODLE/Vivado_projects/audio_zybo/zybo_audio_dsp/hls_projects/dbfs_project/solution1/.autopilot/db/dbfs_converter.pp.0.cpp:20505:5: warning: Added loop label VITIS_LOOP_2928_2:   [xilinx-label-all-loops]
    for(int j = 5; j>=I_+2; j--) {
    ^~~
    VITIS_LOOP_2928_2: 
/media/nisitha/My_Passport/MOODLE/Vivado_projects/audio_zybo/zybo_audio_dsp/hls_projects/dbfs_project/solution1/.autopilot/db/dbfs_converter.pp.0.cpp:20505:5: note: FIX-IT applied suggested code changes
/media/nisitha/My_Passport/MOODLE/Vivado_projects/audio_zybo/zybo_audio_dsp/hls_projects/dbfs_project/solution1/.autopilot/db/dbfs_converter.pp.0.cpp:20509:5: warning: Added loop label VITIS_LOOP_2932_3:   [xilinx-label-all-loops]
    for(int j = I_+1; j>=0; j--) {
    ^~~
    VITIS_LOOP_2932_3: 
/media/nisitha/My_Passport/MOODLE/Vivado_projects/audio_zybo/zybo_audio_dsp/hls_projects/dbfs_project/solution1/.autopilot/db/dbfs_converter.pp.0.cpp:20509:5: note: FIX-IT applied suggested code changes
/media/nisitha/My_Passport/MOODLE/Vivado_projects/audio_zybo/zybo_audio_dsp/hls_projects/dbfs_project/solution1/.autopilot/db/dbfs_converter.pp.0.cpp:20524:3: warning: Added loop label VITIS_LOOP_2947_4:   [xilinx-label-all-loops]
  for(int j = 11; j >=7; j--) {
  ^~~
  VITIS_LOOP_2947_4: 
/media/nisitha/My_Passport/MOODLE/Vivado_projects/audio_zybo/zybo_audio_dsp/hls_projects/dbfs_project/solution1/.autopilot/db/dbfs_converter.pp.0.cpp:20524:3: note: FIX-IT applied suggested code changes
/media/nisitha/My_Passport/MOODLE/Vivado_projects/audio_zybo/zybo_audio_dsp/hls_projects/dbfs_project/solution1/.autopilot/db/dbfs_converter.pp.0.cpp:20556:4: warning: Added loop label VITIS_LOOP_2979_5:   [xilinx-label-all-loops]
   for(int j = 11; j >= I_+5; j--) {
   ^~~
   VITIS_LOOP_2979_5: 
/media/nisitha/My_Passport/MOODLE/Vivado_projects/audio_zybo/zybo_audio_dsp/hls_projects/dbfs_project/solution1/.autopilot/db/dbfs_converter.pp.0.cpp:20556:4: note: FIX-IT applied suggested code changes
/media/nisitha/My_Passport/MOODLE/Vivado_projects/audio_zybo/zybo_audio_dsp/hls_projects/dbfs_project/solution1/.autopilot/db/dbfs_converter.pp.0.cpp:20563:5: warning: Added loop label VITIS_LOOP_2986_6:   [xilinx-label-all-loops]
    for(int j = 11; j>= I_+5; j--) {
    ^~~
    VITIS_LOOP_2986_6: 
/media/nisitha/My_Passport/MOODLE/Vivado_projects/audio_zybo/zybo_audio_dsp/hls_projects/dbfs_project/solution1/.autopilot/db/dbfs_converter.pp.0.cpp:20563:5: note: FIX-IT applied suggested code changes
/media/nisitha/My_Passport/MOODLE/Vivado_projects/audio_zybo/zybo_audio_dsp/hls_projects/dbfs_project/solution1/.autopilot/db/dbfs_converter.pp.0.cpp:20567:5: warning: Added loop label VITIS_LOOP_2990_7:   [xilinx-label-all-loops]
    for(int j = I_+4; j>=0; j--) {
    ^~~
    VITIS_LOOP_2990_7: 
/media/nisitha/My_Passport/MOODLE/Vivado_projects/audio_zybo/zybo_audio_dsp/hls_projects/dbfs_project/solution1/.autopilot/db/dbfs_converter.pp.0.cpp:20567:5: note: FIX-IT applied suggested code changes
/media/nisitha/My_Passport/MOODLE/Vivado_projects/audio_zybo/zybo_audio_dsp/hls_projects/dbfs_project/solution1/.autopilot/db/dbfs_converter.pp.0.cpp:20582:3: warning: Added loop label VITIS_LOOP_3005_8:   [xilinx-label-all-loops]
  for(int j = 25; j>=15; j--) {
  ^~~
  VITIS_LOOP_3005_8: 
/media/nisitha/My_Passport/MOODLE/Vivado_projects/audio_zybo/zybo_audio_dsp/hls_projects/dbfs_project/solution1/.autopilot/db/dbfs_converter.pp.0.cpp:20582:3: note: FIX-IT applied suggested code changes
/media/nisitha/My_Passport/MOODLE/Vivado_projects/audio_zybo/zybo_audio_dsp/hls_projects/dbfs_project/solution1/.autopilot/db/dbfs_converter.pp.0.cpp:20632:4: warning: Added loop label VITIS_LOOP_3055_9:   [xilinx-label-all-loops]
   for(int j = 25; j>= I_+12; j--) {
   ^~~
   VITIS_LOOP_3055_9: 
/media/nisitha/My_Passport/MOODLE/Vivado_projects/audio_zybo/zybo_audio_dsp/hls_projects/dbfs_project/solution1/.autopilot/db/dbfs_converter.pp.0.cpp:20632:4: note: FIX-IT applied suggested code changes
/media/nisitha/My_Passport/MOODLE/Vivado_projects/audio_zybo/zybo_audio_dsp/hls_projects/dbfs_project/solution1/.autopilot/db/dbfs_converter.pp.0.cpp:20639:5: warning: Added loop label VITIS_LOOP_3062_10:   [xilinx-label-all-loops]
    for(int j = 25; j>=I_+12; j--) {
    ^~~
    VITIS_LOOP_3062_10: 
/media/nisitha/My_Passport/MOODLE/Vivado_projects/audio_zybo/zybo_audio_dsp/hls_projects/dbfs_project/solution1/.autopilot/db/dbfs_converter.pp.0.cpp:20639:5: note: FIX-IT applied suggested code changes
/media/nisitha/My_Passport/MOODLE/Vivado_projects/audio_zybo/zybo_audio_dsp/hls_projects/dbfs_project/solution1/.autopilot/db/dbfs_converter.pp.0.cpp:20643:5: warning: Added loop label VITIS_LOOP_3066_11:   [xilinx-label-all-loops]
    for(int j = I_+11; j>=0; j--) {
    ^~~
    VITIS_LOOP_3066_11: 
/media/nisitha/My_Passport/MOODLE/Vivado_projects/audio_zybo/zybo_audio_dsp/hls_projects/dbfs_project/solution1/.autopilot/db/dbfs_converter.pp.0.cpp:20643:5: note: FIX-IT applied suggested code changes
/media/nisitha/My_Passport/MOODLE/Vivado_projects/audio_zybo/zybo_audio_dsp/hls_projects/dbfs_project/solution1/.autopilot/db/dbfs_converter.pp.0.cpp:20658:3: warning: Added loop label VITIS_LOOP_3081_12:   [xilinx-label-all-loops]
  for(int j = 51; j >= 29; j--) {
  ^~~
  VITIS_LOOP_3081_12: 
/media/nisitha/My_Passport/MOODLE/Vivado_projects/audio_zybo/zybo_audio_dsp/hls_projects/dbfs_project/solution1/.autopilot/db/dbfs_converter.pp.0.cpp:20658:3: note: FIX-IT applied suggested code changes
/media/nisitha/My_Passport/MOODLE/Vivado_projects/audio_zybo/zybo_audio_dsp/hls_projects/dbfs_project/solution1/.autopilot/db/dbfs_converter.pp.0.cpp:20795:4: warning: Added loop label VITIS_LOOP_3218_13:   [xilinx-label-all-loops]
   for(int j = 51; j >= 25 + I_; j--) {
   ^~~
   VITIS_LOOP_3218_13: 
/media/nisitha/My_Passport/MOODLE/Vivado_projects/audio_zybo/zybo_audio_dsp/hls_projects/dbfs_project/solution1/.autopilot/db/dbfs_converter.pp.0.cpp:20795:4: note: FIX-IT applied suggested code changes
/media/nisitha/My_Passport/MOODLE/Vivado_projects/audio_zybo/zybo_audio_dsp/hls_projects/dbfs_project/solution1/.autopilot/db/dbfs_converter.pp.0.cpp:20802:5: warning: Added loop label VITIS_LOOP_3225_14:   [xilinx-label-all-loops]
    for(int j = 51; j>=25 + I_; j--) {
    ^~~
    VITIS_LOOP_3225_14: 
/media/nisitha/My_Passport/MOODLE/Vivado_projects/audio_zybo/zybo_audio_dsp/hls_projects/dbfs_project/solution1/.autopilot/db/dbfs_converter.pp.0.cpp:20802:5: note: FIX-IT applied suggested code changes
/media/nisitha/My_Passport/MOODLE/Vivado_projects/audio_zybo/zybo_audio_dsp/hls_projects/dbfs_project/solution1/.autopilot/db/dbfs_converter.pp.0.cpp:20806:5: warning: Added loop label VITIS_LOOP_3229_15:   [xilinx-label-all-loops]
    for(int j = 24 + I_; j >= 0; j--) {
    ^~~
    VITIS_LOOP_3229_15: 
/media/nisitha/My_Passport/MOODLE/Vivado_projects/audio_zybo/zybo_audio_dsp/hls_projects/dbfs_project/solution1/.autopilot/db/dbfs_converter.pp.0.cpp:20806:5: note: FIX-IT applied suggested code changes
/media/nisitha/My_Passport/MOODLE/Vivado_projects/audio_zybo/zybo_audio_dsp/hls_projects/dbfs_project/solution1/.autopilot/db/dbfs_converter.pp.0.cpp:20821:3: warning: Added loop label VITIS_LOOP_3244_16:   [xilinx-label-all-loops]
  for(int j = 63; j >= 36; j--) {
  ^~~
  VITIS_LOOP_3244_16: 
/media/nisitha/My_Passport/MOODLE/Vivado_projects/audio_zybo/zybo_audio_dsp/hls_projects/dbfs_project/solution1/.autopilot/db/dbfs_converter.pp.0.cpp:20821:3: note: FIX-IT applied suggested code changes
/media/nisitha/My_Passport/MOODLE/Vivado_projects/audio_zybo/zybo_audio_dsp/hls_projects/dbfs_project/solution1/.autopilot/db/dbfs_converter.pp.0.cpp:20981:4: warning: Added loop label VITIS_LOOP_3404_17:   [xilinx-label-all-loops]
   for(int j = 63; j >= 31 + I_; j--) {
   ^~~
   VITIS_LOOP_3404_17: 
/media/nisitha/My_Passport/MOODLE/Vivado_projects/audio_zybo/zybo_audio_dsp/hls_projects/dbfs_project/solution1/.autopilot/db/dbfs_converter.pp.0.cpp:20981:4: note: FIX-IT applied suggested code changes
/media/nisitha/My_Passport/MOODLE/Vivado_projects/audio_zybo/zybo_audio_dsp/hls_projects/dbfs_project/solution1/.autopilot/db/dbfs_converter.pp.0.cpp:20988:5: warning: Added loop label VITIS_LOOP_3411_18:   [xilinx-label-all-loops]
    for(int j = 63; j >= 31 + I_; j--) {
    ^~~
    VITIS_LOOP_3411_18: 
/media/nisitha/My_Passport/MOODLE/Vivado_projects/audio_zybo/zybo_audio_dsp/hls_projects/dbfs_project/solution1/.autopilot/db/dbfs_converter.pp.0.cpp:20988:5: note: FIX-IT applied suggested code changes
/media/nisitha/My_Passport/MOODLE/Vivado_projects/audio_zybo/zybo_audio_dsp/hls_projects/dbfs_project/solution1/.autopilot/db/dbfs_converter.pp.0.cpp:20992:5: warning: Added loop label VITIS_LOOP_3415_19:   [xilinx-label-all-loops]
    for(int j = 30 + I_; j >= 0; j--) {
    ^~~
    VITIS_LOOP_3415_19: 
/media/nisitha/My_Passport/MOODLE/Vivado_projects/audio_zybo/zybo_audio_dsp/hls_projects/dbfs_project/solution1/.autopilot/db/dbfs_converter.pp.0.cpp:20992:5: note: FIX-IT applied suggested code changes
/media/nisitha/My_Passport/MOODLE/Vivado_projects/audio_zybo/zybo_audio_dsp/hls_projects/dbfs_project/solution1/.autopilot/db/dbfs_converter.pp.0.cpp:21707:13: warning: Added loop label VITIS_LOOP_703_1:   [xilinx-label-all-loops]
            for (b_exp = I_-1; b_exp >= -F_; b_exp--) {
            ^~~
            VITIS_LOOP_703_1: 
/media/nisitha/My_Passport/MOODLE/Vivado_projects/audio_zybo/zybo_audio_dsp/hls_projects/dbfs_project/solution1/.autopilot/db/dbfs_converter.pp.0.cpp:21707:13: note: FIX-IT applied suggested code changes
/media/nisitha/My_Passport/MOODLE/Vivado_projects/audio_zybo/zybo_audio_dsp/hls_projects/dbfs_project/solution1/.autopilot/db/dbfs_converter.pp.0.cpp:21925:13: warning: Added loop label VITIS_LOOP_921_1:   [xilinx-label-all-loops]
            for (b_exp = I_-1; b_exp >= -F_; b_exp--) {
            ^~~
            VITIS_LOOP_921_1: 
/media/nisitha/My_Passport/MOODLE/Vivado_projects/audio_zybo/zybo_audio_dsp/hls_projects/dbfs_project/solution1/.autopilot/db/dbfs_converter.pp.0.cpp:21925:13: note: FIX-IT applied suggested code changes
/media/nisitha/My_Passport/MOODLE/Vivado_projects/audio_zybo/zybo_audio_dsp/hls_projects/dbfs_project/solution1/.autopilot/db/dbfs_converter.pp.0.cpp:22342:13: warning: Added loop label VITIS_LOOP_1345_1:   [xilinx-label-all-loops]
            for (b_exp = I_-1; b_exp >= -F_; b_exp--) {
            ^~~
            VITIS_LOOP_1345_1: 
/media/nisitha/My_Passport/MOODLE/Vivado_projects/audio_zybo/zybo_audio_dsp/hls_projects/dbfs_project/solution1/.autopilot/db/dbfs_converter.pp.0.cpp:22342:13: note: FIX-IT applied suggested code changes
/media/nisitha/My_Passport/MOODLE/Vivado_projects/audio_zybo/zybo_audio_dsp/hls_projects/dbfs_project/solution1/.autopilot/db/dbfs_converter.pp.0.cpp:22662:9: warning: Added loop label VITIS_LOOP_240_1:   [xilinx-label-all-loops]
        for ( int pos = msbr-1; pos >= 0; pos-- ) {
        ^~~
        VITIS_LOOP_240_1: 
/media/nisitha/My_Passport/MOODLE/Vivado_projects/audio_zybo/zybo_audio_dsp/hls_projects/dbfs_project/solution1/.autopilot/db/dbfs_converter.pp.0.cpp:22662:9: note: FIX-IT applied suggested code changes
/media/nisitha/My_Passport/MOODLE/Vivado_projects/audio_zybo/zybo_audio_dsp/hls_projects/dbfs_project/solution1/.autopilot/db/dbfs_converter.pp.0.cpp:22690:9: warning: Added loop label VITIS_LOOP_268_2:   [xilinx-label-all-loops]
        for ( int pos = -1; pos >= -F_-1; pos-- ) {
        ^~~
        VITIS_LOOP_268_2: 
/media/nisitha/My_Passport/MOODLE/Vivado_projects/audio_zybo/zybo_audio_dsp/hls_projects/dbfs_project/solution1/.autopilot/db/dbfs_converter.pp.0.cpp:22690:9: note: FIX-IT applied suggested code changes
/media/nisitha/My_Passport/MOODLE/Vivado_projects/audio_zybo/zybo_audio_dsp/hls_projects/dbfs_project/solution1/.autopilot/db/dbfs_converter.pp.0.cpp:23392:13: warning: Added loop label VITIS_LOOP_48_1:   [xilinx-label-all-loops]
            for (int j = 0; j < W_-1; j++){
            ^~~
            VITIS_LOOP_48_1: 
/media/nisitha/My_Passport/MOODLE/Vivado_projects/audio_zybo/zybo_audio_dsp/hls_projects/dbfs_project/solution1/.autopilot/db/dbfs_converter.pp.0.cpp:23392:13: note: FIX-IT applied suggested code changes
/media/nisitha/My_Passport/MOODLE/Vivado_projects/audio_zybo/zybo_audio_dsp/hls_projects/dbfs_project/solution1/.autopilot/db/dbfs_converter.pp.0.cpp:23445:5: warning: Added loop label VITIS_LOOP_109_2:   [xilinx-label-all-loops]
    for (int j = F_l+F_+I_m-1; j < F_l+W_+5; j++){
    ^~~
    VITIS_LOOP_109_2: 
/media/nisitha/My_Passport/MOODLE/Vivado_projects/audio_zybo/zybo_audio_dsp/hls_projects/dbfs_project/solution1/.autopilot/db/dbfs_converter.pp.0.cpp:23445:5: note: FIX-IT applied suggested code changes
/media/nisitha/My_Passport/MOODLE/Vivado_projects/audio_zybo/zybo_audio_dsp/hls_projects/dbfs_project/solution1/.autopilot/db/dbfs_converter.pp.0.cpp:23459:13: warning: Added loop label VITIS_LOOP_123_3:   [xilinx-label-all-loops]
            for (int j = WO_m-1; j >= W_-1; j--) {
            ^~~
            VITIS_LOOP_123_3: 
/media/nisitha/My_Passport/MOODLE/Vivado_projects/audio_zybo/zybo_audio_dsp/hls_projects/dbfs_project/solution1/.autopilot/db/dbfs_converter.pp.0.cpp:23459:13: note: FIX-IT applied suggested code changes
/media/nisitha/My_Passport/MOODLE/Vivado_projects/audio_zybo/zybo_audio_dsp/hls_projects/dbfs_project/solution1/.autopilot/db/dbfs_converter.pp.0.cpp:23489:13: warning: Added loop label VITIS_LOOP_153_4:   [xilinx-label-all-loops]
            for (int j = W_-2; j >= 0; j--){
            ^~~
            VITIS_LOOP_153_4: 
/media/nisitha/My_Passport/MOODLE/Vivado_projects/audio_zybo/zybo_audio_dsp/hls_projects/dbfs_project/solution1/.autopilot/db/dbfs_converter.pp.0.cpp:23489:13: note: FIX-IT applied suggested code changes
/media/nisitha/My_Passport/MOODLE/Vivado_projects/audio_zybo/zybo_audio_dsp/hls_projects/dbfs_project/solution1/.autopilot/db/dbfs_converter.pp.0.cpp:23574:12: warning: Added loop label VITIS_LOOP_281_1:   [xilinx-label-all-loops]
           for(int i = wf_log+we_log-2; i > WI_e - 2; --i) {
           ^~~
           VITIS_LOOP_281_1: 
/media/nisitha/My_Passport/MOODLE/Vivado_projects/audio_zybo/zybo_audio_dsp/hls_projects/dbfs_project/solution1/.autopilot/db/dbfs_converter.pp.0.cpp:23574:12: note: FIX-IT applied suggested code changes
/media/nisitha/My_Passport/MOODLE/Vivado_projects/audio_zybo/zybo_audio_dsp/hls_projects/dbfs_project/solution1/.autopilot/db/dbfs_converter.pp.0.cpp:23594:16: warning: Added loop label VITIS_LOOP_301_2:   [xilinx-label-all-loops]
               for (int j = WO_e-1; j >= W_-1; j--) {
               ^~~
               VITIS_LOOP_301_2: 
/media/nisitha/My_Passport/MOODLE/Vivado_projects/audio_zybo/zybo_audio_dsp/hls_projects/dbfs_project/solution1/.autopilot/db/dbfs_converter.pp.0.cpp:23594:16: note: FIX-IT applied suggested code changes
/media/nisitha/My_Passport/MOODLE/Vivado_projects/audio_zybo/zybo_audio_dsp/hls_projects/dbfs_project/solution1/.autopilot/db/dbfs_converter.pp.0.cpp:23608:20: warning: Added loop label VITIS_LOOP_315_3:   [xilinx-label-all-loops]
                   for(int i = 0; i < W_-1; ++i) {
                   ^~~
                   VITIS_LOOP_315_3: 
/media/nisitha/My_Passport/MOODLE/Vivado_projects/audio_zybo/zybo_audio_dsp/hls_projects/dbfs_project/solution1/.autopilot/db/dbfs_converter.pp.0.cpp:23608:20: note: FIX-IT applied suggested code changes
/media/nisitha/My_Passport/MOODLE/Vivado_projects/audio_zybo/zybo_audio_dsp/hls_projects/dbfs_project/solution1/.autopilot/db/dbfs_converter.pp.0.cpp:23701:12: warning: Added loop label VITIS_LOOP_433_1:   [xilinx-label-all-loops]
           for (int j =WO_d-1; j >= W_-1; j--) {
           ^~~
           VITIS_LOOP_433_1: 
/media/nisitha/My_Passport/MOODLE/Vivado_projects/audio_zybo/zybo_audio_dsp/hls_projects/dbfs_project/solution1/.autopilot/db/dbfs_converter.pp.0.cpp:23701:12: note: FIX-IT applied suggested code changes
/media/nisitha/My_Passport/MOODLE/Vivado_projects/audio_zybo/zybo_audio_dsp/hls_projects/dbfs_project/solution1/.autopilot/db/dbfs_converter.pp.0.cpp:23715:15: warning: Added loop label VITIS_LOOP_447_2:   [xilinx-label-all-loops]
              for(int i = 0; i < W_-1; ++i) {
              ^~~
              VITIS_LOOP_447_2: 
/media/nisitha/My_Passport/MOODLE/Vivado_projects/audio_zybo/zybo_audio_dsp/hls_projects/dbfs_project/solution1/.autopilot/db/dbfs_converter.pp.0.cpp:23715:15: note: FIX-IT applied suggested code changes
/media/nisitha/My_Passport/MOODLE/Vivado_projects/audio_zybo/zybo_audio_dsp/hls_projects/dbfs_project/solution1/.autopilot/db/dbfs_converter.pp.0.cpp:23835:13: warning: Added loop label VITIS_LOOP_33_1:   [xilinx-label-all-loops]
            for (int i = 0; i < W_-1; i++){
            ^~~
            VITIS_LOOP_33_1: 
/media/nisitha/My_Passport/MOODLE/Vivado_projects/audio_zybo/zybo_audio_dsp/hls_projects/dbfs_project/solution1/.autopilot/db/dbfs_converter.pp.0.cpp:23835:13: note: FIX-IT applied suggested code changes
/media/nisitha/My_Passport/MOODLE/Vivado_projects/audio_zybo/zybo_audio_dsp/hls_projects/dbfs_project/solution1/.autopilot/db/dbfs_converter.pp.0.cpp:23959:13: warning: Added loop label VITIS_LOOP_183_1:   [xilinx-label-all-loops]
            for (int i = 0; i < W_-1; i++){
            ^~~
            VITIS_LOOP_183_1: 
/media/nisitha/My_Passport/MOODLE/Vivado_projects/audio_zybo/zybo_audio_dsp/hls_projects/dbfs_project/solution1/.autopilot/db/dbfs_converter.pp.0.cpp:23959:13: note: FIX-IT applied suggested code changes
/media/nisitha/My_Passport/MOODLE/Vivado_projects/audio_zybo/zybo_audio_dsp/hls_projects/dbfs_project/solution1/.autopilot/db/dbfs_converter.pp.0.cpp:24014:13: warning: Added loop label VITIS_LOOP_248_1:   [xilinx-label-all-loops]
            for (int i = 0; i < W_-1; i++){
            ^~~
            VITIS_LOOP_248_1: 
/media/nisitha/My_Passport/MOODLE/Vivado_projects/audio_zybo/zybo_audio_dsp/hls_projects/dbfs_project/solution1/.autopilot/db/dbfs_converter.pp.0.cpp:24014:13: note: FIX-IT applied suggested code changes
/media/nisitha/My_Passport/MOODLE/Vivado_projects/audio_zybo/zybo_audio_dsp/hls_projects/dbfs_project/solution1/.autopilot/db/dbfs_converter.pp.0.cpp:24533:2: warning: Added loop label VITIS_LOOP_16_1:   [xilinx-label-all-loops]
 for (int i=0; i<W_;i++)
 ^~~
 VITIS_LOOP_16_1: 
/media/nisitha/My_Passport/MOODLE/Vivado_projects/audio_zybo/zybo_audio_dsp/hls_projects/dbfs_project/solution1/.autopilot/db/dbfs_converter.pp.0.cpp:24533:2: note: FIX-IT applied suggested code changes
/media/nisitha/My_Passport/MOODLE/Vivado_projects/audio_zybo/zybo_audio_dsp/hls_projects/dbfs_project/solution1/.autopilot/db/dbfs_converter.pp.0.cpp:24544:2: warning: Added loop label VITIS_LOOP_27_1:   [xilinx-label-all-loops]
 for (int i=0; i<W_;i++)
 ^~~
 VITIS_LOOP_27_1: 
/media/nisitha/My_Passport/MOODLE/Vivado_projects/audio_zybo/zybo_audio_dsp/hls_projects/dbfs_project/solution1/.autopilot/db/dbfs_converter.pp.0.cpp:24544:2: note: FIX-IT applied suggested code changes
/media/nisitha/My_Passport/MOODLE/Vivado_projects/audio_zybo/zybo_audio_dsp/hls_projects/dbfs_project/solution1/.autopilot/db/dbfs_converter.pp.0.cpp:24555:2: warning: Added loop label VITIS_LOOP_38_1:   [xilinx-label-all-loops]
 for (int i=0; i<I_;i++)
 ^~~
 VITIS_LOOP_38_1: 
/media/nisitha/My_Passport/MOODLE/Vivado_projects/audio_zybo/zybo_audio_dsp/hls_projects/dbfs_project/solution1/.autopilot/db/dbfs_converter.pp.0.cpp:24555:2: note: FIX-IT applied suggested code changes
/media/nisitha/My_Passport/MOODLE/Vivado_projects/audio_zybo/zybo_audio_dsp/hls_projects/dbfs_project/solution1/.autopilot/db/dbfs_converter.pp.0.cpp:24566:2: warning: Added loop label VITIS_LOOP_49_1:   [xilinx-label-all-loops]
 for (int i=0; i<I_;i++)
 ^~~
 VITIS_LOOP_49_1: 
/media/nisitha/My_Passport/MOODLE/Vivado_projects/audio_zybo/zybo_audio_dsp/hls_projects/dbfs_project/solution1/.autopilot/db/dbfs_converter.pp.0.cpp:24566:2: note: FIX-IT applied suggested code changes
/media/nisitha/My_Passport/MOODLE/Vivado_projects/audio_zybo/zybo_audio_dsp/hls_projects/dbfs_project/solution1/.autopilot/db/dbfs_converter.pp.0.cpp:24577:2: warning: Added loop label VITIS_LOOP_60_1:   [xilinx-label-all-loops]
 for (int i=0; i<W_;i++)
 ^~~
 VITIS_LOOP_60_1: 
/media/nisitha/My_Passport/MOODLE/Vivado_projects/audio_zybo/zybo_audio_dsp/hls_projects/dbfs_project/solution1/.autopilot/db/dbfs_converter.pp.0.cpp:24577:2: note: FIX-IT applied suggested code changes
/media/nisitha/My_Passport/MOODLE/Vivado_projects/audio_zybo/zybo_audio_dsp/hls_projects/dbfs_project/solution1/.autopilot/db/dbfs_converter.pp.0.cpp:24588:2: warning: Added loop label VITIS_LOOP_71_1:   [xilinx-label-all-loops]
 for (int i=0; i<W_;i++)
 ^~~
 VITIS_LOOP_71_1: 
/media/nisitha/My_Passport/MOODLE/Vivado_projects/audio_zybo/zybo_audio_dsp/hls_projects/dbfs_project/solution1/.autopilot/db/dbfs_converter.pp.0.cpp:24588:2: note: FIX-IT applied suggested code changes
/media/nisitha/My_Passport/MOODLE/Vivado_projects/audio_zybo/zybo_audio_dsp/hls_projects/dbfs_project/solution1/.autopilot/db/dbfs_converter.pp.0.cpp:24599:2: warning: Added loop label VITIS_LOOP_82_1:   [xilinx-label-all-loops]
 for (int i=0; i<I_;i++)
 ^~~
 VITIS_LOOP_82_1: 
/media/nisitha/My_Passport/MOODLE/Vivado_projects/audio_zybo/zybo_audio_dsp/hls_projects/dbfs_project/solution1/.autopilot/db/dbfs_converter.pp.0.cpp:24599:2: note: FIX-IT applied suggested code changes
/media/nisitha/My_Passport/MOODLE/Vivado_projects/audio_zybo/zybo_audio_dsp/hls_projects/dbfs_project/solution1/.autopilot/db/dbfs_converter.pp.0.cpp:24610:2: warning: Added loop label VITIS_LOOP_93_1:   [xilinx-label-all-loops]
 for (int i=0; i<I_;i++)
 ^~~
 VITIS_LOOP_93_1: 
/media/nisitha/My_Passport/MOODLE/Vivado_projects/audio_zybo/zybo_audio_dsp/hls_projects/dbfs_project/solution1/.autopilot/db/dbfs_converter.pp.0.cpp:24610:2: note: FIX-IT applied suggested code changes
/media/nisitha/My_Passport/MOODLE/Vivado_projects/audio_zybo/zybo_audio_dsp/hls_projects/dbfs_project/solution1/.autopilot/db/dbfs_converter.pp.0.cpp:26935:12: warning: Added loop label VITIS_LOOP_26_1:   [xilinx-label-all-loops]
           for(int i = 0; i < W_-1; ++i) {
           ^~~
           VITIS_LOOP_26_1: 
/media/nisitha/My_Passport/MOODLE/Vivado_projects/audio_zybo/zybo_audio_dsp/hls_projects/dbfs_project/solution1/.autopilot/db/dbfs_converter.pp.0.cpp:26935:12: note: FIX-IT applied suggested code changes
/media/nisitha/My_Passport/MOODLE/Vivado_projects/audio_zybo/zybo_audio_dsp/hls_projects/dbfs_project/solution1/.autopilot/db/dbfs_converter.pp.0.cpp:26999:7: warning: Added loop label VITIS_LOOP_40_1:   [xilinx-label-all-loops]
      for(int pos = msbr - 1 ; pos >= -F-1; pos--) {
      ^~~
      VITIS_LOOP_40_1: 
/media/nisitha/My_Passport/MOODLE/Vivado_projects/audio_zybo/zybo_audio_dsp/hls_projects/dbfs_project/solution1/.autopilot/db/dbfs_converter.pp.0.cpp:26999:7: note: FIX-IT applied suggested code changes
/media/nisitha/My_Passport/MOODLE/Vivado_projects/audio_zybo/zybo_audio_dsp/hls_projects/dbfs_project/solution1/.autopilot/db/dbfs_converter.pp.0.cpp:27116:9: warning: Added loop label VITIS_LOOP_49_1:   [xilinx-label-all-loops]
        for(int pos = msbr - 1; pos >= 0; pos--) {
        ^~~
        VITIS_LOOP_49_1: 
/media/nisitha/My_Passport/MOODLE/Vivado_projects/audio_zybo/zybo_audio_dsp/hls_projects/dbfs_project/solution1/.autopilot/db/dbfs_converter.pp.0.cpp:27116:9: note: FIX-IT applied suggested code changes
/media/nisitha/My_Passport/MOODLE/Vivado_projects/audio_zybo/zybo_audio_dsp/hls_projects/dbfs_project/solution1/.autopilot/db/dbfs_converter.pp.0.cpp:27141:5: warning: Added loop label VITIS_LOOP_81_2:   [xilinx-label-all-loops]
    for(int pos = -1; pos >= -F-1; pos--) {
    ^~~
    VITIS_LOOP_81_2: 
/media/nisitha/My_Passport/MOODLE/Vivado_projects/audio_zybo/zybo_audio_dsp/hls_projects/dbfs_project/solution1/.autopilot/db/dbfs_converter.pp.0.cpp:27141:5: note: FIX-IT applied suggested code changes
/media/nisitha/My_Passport/MOODLE/Vivado_projects/audio_zybo/zybo_audio_dsp/hls_projects/dbfs_project/solution1/.autopilot/db/dbfs_converter.pp.0.cpp:27211:8: warning: Added loop label VITIS_LOOP_169_3:   [xilinx-label-all-loops]
       for(int i = 0; i < W - 1; ++i) {
       ^~~
       VITIS_LOOP_169_3: 
/media/nisitha/My_Passport/MOODLE/Vivado_projects/audio_zybo/zybo_audio_dsp/hls_projects/dbfs_project/solution1/.autopilot/db/dbfs_converter.pp.0.cpp:27211:8: note: FIX-IT applied suggested code changes
