Vivado Simulator v2023.2
Copyright 1986-2022 Xilinx, Inc. All Rights Reserved.
Copyright 2022-2023 Advanced Micro Devices, Inc. All Rights Reserved.
Running: /tools/Xilinx/Vivado/2023.2/bin/unwrapped/lnx64.o/xelab xil_defaultlib.apatb_dbfs_converter_top glbl -Oenable_linking_all_libraries -prj dbfs_converter.prj -L smartconnect_v1_0 -L axi_protocol_checker_v1_1_12 -L axi_protocol_checker_v1_1_13 -L axis_protocol_checker_v1_1_11 -L axis_protocol_checker_v1_1_12 -L xil_defaultlib -L unisims_ver -L xpm -L floating_point_v7_1_16 -L floating_point_v7_0_21 --lib ieee_proposed=./ieee_proposed -s dbfs_converter 
Multi-threading is on. Using 6 slave threads.
WARNING: [XSIM 43-3431] One or more environment variables have been detected which affect the operation of the C compiler. These are typically not set in standard installations and are not tested by AMD, however they may be appropriate for your system, so the flow will attempt to continue.  If errors occur, try running xelab with the "-mt off -v 1" switches to see more information from the C compiler. The following environment variables have been detected:
INFO: [VRFC 10-2263] Analyzing SystemVerilog file "/media/nisitha/My_Passport/MOODLE/Vivado_projects/audio_zybo/zybo_audio_dsp/hls_projects/dbfs_project/solution1/sim/verilog/glbl.v" into library work
INFO: [VRFC 10-311] analyzing module glbl
INFO: [VRFC 10-2263] Analyzing SystemVerilog file "/media/nisitha/My_Passport/MOODLE/Vivado_projects/audio_zybo/zybo_audio_dsp/hls_projects/dbfs_project/solution1/sim/verilog/dbfs_converter_mul_14ns_14ns_28_1_1.v" into library xil_defaultlib
INFO: [VRFC 10-311] analyzing module dbfs_converter_mul_14ns_14ns_28_1_1
INFO: [VRFC 10-2263] Analyzing SystemVerilog file "/media/nisitha/My_Passport/MOODLE/Vivado_projects/audio_zybo/zybo_audio_dsp/hls_projects/dbfs_project/solution1/sim/verilog/dbfs_converter.autotb.v" into library xil_defaultlib
INFO: [VRFC 10-311] analyzing module apatb_dbfs_converter_top
INFO: [VRFC 10-2263] Analyzing SystemVerilog file "/media/nisitha/My_Passport/MOODLE/Vivado_projects/audio_zybo/zybo_audio_dsp/hls_projects/dbfs_project/solution1/sim/verilog/dbfs_converter.v" into library xil_defaultlib
INFO: [VRFC 10-311] analyzing module dbfs_converter
INFO: [VRFC 10-2263] Analyzing SystemVerilog file "/media/nisitha/My_Passport/MOODLE/Vivado_projects/audio_zybo/zybo_audio_dsp/hls_projects/dbfs_project/solution1/sim/verilog/dbfs_converter_log10_48_24_s.v" into library xil_defaultlib
INFO: [VRFC 10-311] analyzing module dbfs_converter_log10_48_24_s
INFO: [VRFC 10-2263] Analyzing SystemVerilog file "/media/nisitha/My_Passport/MOODLE/Vivado_projects/audio_zybo/zybo_audio_dsp/hls_projects/dbfs_project/solution1/sim/verilog/dbfs_converter_log10_48_24_s_log_apfixed_reduce_log0_lut_table_ap_fixed_0_5_64_array_ROM_AUTbkb.v" into library xil_defaultlib
INFO: [VRFC 10-311] analyzing module dbfs_converter_log10_48_24_s_log_apfixed_reduce_log0_lut_table_ap_fixed_0_5_64_array_ROM_AUTbkb
INFO: [VRFC 10-2263] Analyzing SystemVerilog file "/media/nisitha/My_Passport/MOODLE/Vivado_projects/audio_zybo/zybo_audio_dsp/hls_projects/dbfs_project/solution1/sim/verilog/dbfs_converter_log10_48_24_s_log_apfixed_reduce_log_inverse_lut_table_array_ROM_AUTO_1R.v" into library xil_defaultlib
INFO: [VRFC 10-311] analyzing module dbfs_converter_log10_48_24_s_log_apfixed_reduce_log_inverse_lut_table_array_ROM_AUTO_1R
INFO: [VRFC 10-2263] Analyzing SystemVerilog file "/media/nisitha/My_Passport/MOODLE/Vivado_projects/audio_zybo/zybo_audio_dsp/hls_projects/dbfs_project/solution1/sim/verilog/dbfs_converter_log10_48_24_s_log_apfixed_reduce_log_lut_table_ap_fixed_4_4_16_array_ROM_AUTOcud.v" into library xil_defaultlib
INFO: [VRFC 10-311] analyzing module dbfs_converter_log10_48_24_s_log_apfixed_reduce_log_lut_table_ap_fixed_4_4_16_array_ROM_AUTOcud
INFO: [VRFC 10-2263] Analyzing SystemVerilog file "/media/nisitha/My_Passport/MOODLE/Vivado_projects/audio_zybo/zybo_audio_dsp/hls_projects/dbfs_project/solution1/sim/verilog/dbfs_converter_log10_48_24_s_log_apfixed_reduce_log_lut_table_ap_fixed_7_6_64_array_ROM_AUTOdEe.v" into library xil_defaultlib
INFO: [VRFC 10-311] analyzing module dbfs_converter_log10_48_24_s_log_apfixed_reduce_log_lut_table_ap_fixed_7_6_64_array_ROM_AUTOdEe
INFO: [VRFC 10-2263] Analyzing SystemVerilog file "/media/nisitha/My_Passport/MOODLE/Vivado_projects/audio_zybo/zybo_audio_dsp/hls_projects/dbfs_project/solution1/sim/verilog/dbfs_converter_mul_30ns_6ns_36_2_1.v" into library xil_defaultlib
INFO: [VRFC 10-311] analyzing module dbfs_converter_mul_30ns_6ns_36_2_1
INFO: [VRFC 10-2263] Analyzing SystemVerilog file "/media/nisitha/My_Passport/MOODLE/Vivado_projects/audio_zybo/zybo_audio_dsp/hls_projects/dbfs_project/solution1/sim/verilog/dbfs_converter_mul_37s_43ns_79_3_1.v" into library xil_defaultlib
INFO: [VRFC 10-311] analyzing module dbfs_converter_mul_37s_43ns_79_3_1
INFO: [VRFC 10-2263] Analyzing SystemVerilog file "/media/nisitha/My_Passport/MOODLE/Vivado_projects/audio_zybo/zybo_audio_dsp/hls_projects/dbfs_project/solution1/sim/verilog/dbfs_converter_mul_38ns_4ns_42_2_1.v" into library xil_defaultlib
INFO: [VRFC 10-311] analyzing module dbfs_converter_mul_38ns_4ns_42_2_1
INFO: [VRFC 10-2263] Analyzing SystemVerilog file "/media/nisitha/My_Passport/MOODLE/Vivado_projects/audio_zybo/zybo_audio_dsp/hls_projects/dbfs_project/solution1/sim/verilog/dbfs_converter_mul_58s_6ns_58_5_1.v" into library xil_defaultlib
INFO: [VRFC 10-311] analyzing module dbfs_converter_mul_58s_6ns_58_5_1
INFO: [VRFC 10-2263] Analyzing SystemVerilog file "/media/nisitha/My_Passport/MOODLE/Vivado_projects/audio_zybo/zybo_audio_dsp/hls_projects/dbfs_project/solution1/sim/verilog/dbfs_converter_mul_6s_43ns_47_3_1.v" into library xil_defaultlib
INFO: [VRFC 10-311] analyzing module dbfs_converter_mul_6s_43ns_47_3_1
INFO: [VRFC 10-2263] Analyzing SystemVerilog file "/media/nisitha/My_Passport/MOODLE/Vivado_projects/audio_zybo/zybo_audio_dsp/hls_projects/dbfs_project/solution1/sim/verilog/dataflow_monitor.sv" into library xil_defaultlib
INFO: [VRFC 10-311] analyzing module dataflow_monitor
Starting static elaboration
Pass Through NonSizing Optimizer
Completed static elaboration
Starting simulation data flow analysis
Completed simulation data flow analysis
Time Resolution for simulation is 1ps
Compiling package xil_defaultlib.$unit_dataflow_monitor_sv
Compiling module xil_defaultlib.dbfs_converter_log10_48_24_s_log...
Compiling module xil_defaultlib.dbfs_converter_log10_48_24_s_log...
Compiling module xil_defaultlib.dbfs_converter_log10_48_24_s_log...
Compiling module xil_defaultlib.dbfs_converter_log10_48_24_s_log...
Compiling module xil_defaultlib.dbfs_converter_mul_6s_43ns_47_3_...
Compiling module xil_defaultlib.dbfs_converter_mul_30ns_6ns_36_2...
Compiling module xil_defaultlib.dbfs_converter_mul_37s_43ns_79_3...
Compiling module xil_defaultlib.dbfs_converter_mul_58s_6ns_58_5_...
Compiling module xil_defaultlib.dbfs_converter_mul_38ns_4ns_42_2...
Compiling module xil_defaultlib.dbfs_converter_mul_14ns_14ns_28_...
Compiling module xil_defaultlib.dbfs_converter_log10_48_24_s
Compiling module xil_defaultlib.dbfs_converter
Compiling module xil_defaultlib.nodf_module_intf
Compiling module xil_defaultlib.dataflow_monitor_1
Compiling module xil_defaultlib.apatb_dbfs_converter_top
Compiling module work.glbl
Built simulation snapshot dbfs_converter
