================================================================
== Design Size Report
================================================================

* Total Instructions per Compilation Phase
+---------------+-----------------------------+--------------+----------------------------------------------------------------------------------------+
| Phase         | Step                        | Instructions | Description                                                                            |
+---------------+-----------------------------+--------------+----------------------------------------------------------------------------------------+
| Compile/Link  |                             | 8,271        | After all functions are compiled and linked into a single design                       |
|               |                             |              |                                                                                        |
| Unroll/Inline |                             |              | After user unroll and inline pragmas are applied                                       |
|               | (1) unroll                  | 1,636        | user unroll pragmas are applied                                                        |
|               | (2) simplification          |   850        | simplification of applied user unroll pragmas                                          |
|               | (3) inline                  |   901        | user inline pragmas are applied                                                        |
|               | (4) simplification          |   702        | simplification of applied user inline pragmas                                          |
|               |                             |              |                                                                                        |
| Array/Struct  |                             |              | After user array partition and struct aggregate/disaggregate pragmas are applied       |
|               | (1) array partition         |   688        | user array partition pragmas are applied                                               |
|               | (2) simplification          |   688        | simplification of applied user array partition & struct aggregate/disaggregate pragmas |
|               | (3) aggregate/disaggregate  |   688        | user struct aggregate/disaggregate pragmas are applied                                 |
|               | (4) array reshape           |   688        | apply array reshape pragmas                                                            |
|               | (5) access patterns         |   688        | array access pattern optmizations                                                      |
|               |                             |              |                                                                                        |
| Performance   |                             |              | After transformations are applied to meet performance pragma targets                   |
|               | (1) loop simplification     |   682        | loop and instruction simplification                                                    |
|               | (2) parallelization         |   682        | loops are unrolled or pipelined to meet performance targets                            |
|               | (3) array partition         |   682        | arrays are partitioned to meet performance targets                                     |
|               | (4) simplification          |   682        | simplification of design after performance transformations                             |
|               |                             |              |                                                                                        |
| HW Transforms |                             |              | After hardware transfomations                                                          |
|               | (1) lowering                |   684        | initial conversion to HW specific instructions                                         |
|               | (2) optimizations           |   684        | high level synthesis optimizations                                                     |
+---------------+-----------------------------+--------------+----------------------------------------------------------------------------------------+

* Instructions per Function for each Compilation Phase
+------------------+-----------------------+--------------+---------------+--------------+-------------+---------------+
| Function         | Location              | Compile/Link | Unroll/Inline | Array/Struct | Performance | HW Transforms |
+------------------+-----------------------+--------------+---------------+--------------+-------------+---------------+
| + dbfs_converter | dbfs_converter.cpp:3  | 8,271        | 702           | 688          | 682         | 684           |
|    log10<48, 24> | hls_log_apfixed.h:790 |              | 663           | 663          | 662         | 663           |
+------------------+-----------------------+--------------+---------------+--------------+-------------+---------------+

* Design Size Message Settings
+---------------------------------------------+--------+------------------------------------------------------------------+
| Message Setting                             | Value  | Description                                                      |
+---------------------------------------------+--------+------------------------------------------------------------------+
| config_compile -design_size_maximum_warning | 100000 | Show a warning when total design instructions exceeds this value |
+---------------------------------------------+--------+------------------------------------------------------------------+


